2021-04-09 10:44:08,422 INFO SPI service [com.alipay.sofa.jraft.JRaftServiceFactory - com.alipay.sofa.jraft.core.DefaultJRaftServiceFactory] loading.

2021-04-09 10:44:08,710 INFO SPI service [com.alipay.sofa.jraft.rpc.RaftRpcFactory - com.alipay.sofa.jraft.rpc.impl.GrpcRaftRpcFactory] loading.

2021-04-09 10:44:09,469 INFO SPI service [com.alipay.sofa.jraft.util.JRaftSignalHandler - com.alipay.sofa.jraft.NodeDescribeSignalHandler] loading.

2021-04-09 10:44:09,492 INFO SPI service [com.alipay.sofa.jraft.util.JRaftSignalHandler - com.alipay.sofa.jraft.NodeMetricsSignalHandler] loading.

2021-04-09 10:44:09,514 INFO SPI service [com.alipay.sofa.jraft.util.JRaftSignalHandler - com.alipay.sofa.jraft.ThreadPoolMetricsSignalHandler] loading.

2021-04-09 10:44:09,535 INFO SPI service [com.alipay.sofa.jraft.util.timer.RaftTimerFactory - com.alipay.sofa.jraft.util.timer.DefaultRaftTimerFactory] loading.

2021-04-09 10:44:09,603 INFO The number of active nodes increment to 1.

2021-04-09 10:44:10,242 INFO Starts FSMCaller successfully.

2021-04-09 10:44:10,281 WARN No data for snapshot reader /home/nacos/data/protocol/raft/naming_persistent_service_v2/snapshot.

2021-04-09 10:44:10,381 INFO Node <naming_persistent_service_v2/40124e8e91a6:7848> init, term=0, lastLogId=LogId [index=0, term=0], conf=40124e8e91a6:7848, oldConf=.

2021-04-09 10:44:10,401 INFO Node <naming_persistent_service_v2/40124e8e91a6:7848> start vote and grant vote self, term=0.

2021-04-09 10:44:10,535 INFO Save raft meta, path=/home/nacos/data/protocol/raft/naming_persistent_service_v2/meta-data, term=1, votedFor=40124e8e91a6:7848, cost time=66 ms

2021-04-09 10:44:10,539 INFO Node <naming_persistent_service_v2/40124e8e91a6:7848> become leader of group, term=1, conf=40124e8e91a6:7848, oldConf=.

2021-04-09 10:44:10,565 INFO -Djraft.recyclers.maxCapacityPerThread: 4096.

2021-04-09 10:44:10,583 WARN RPC server is not started in RaftGroupService.

2021-04-09 10:44:10,584 INFO Start the RaftGroupService successfully.

2021-04-09 10:44:10,677 INFO The number of active nodes increment to 2.

2021-04-09 10:44:10,670 INFO onLeaderStart: term=1.

2021-04-09 10:44:10,859 INFO Starts FSMCaller successfully.

2021-04-09 10:44:10,860 WARN No data for snapshot reader /home/nacos/data/protocol/raft/naming_instance_metadata/snapshot.

2021-04-09 10:44:10,879 INFO Node <naming_instance_metadata/40124e8e91a6:7848> init, term=0, lastLogId=LogId [index=0, term=0], conf=40124e8e91a6:7848, oldConf=.

2021-04-09 10:44:10,886 INFO Node <naming_instance_metadata/40124e8e91a6:7848> start vote and grant vote self, term=0.

2021-04-09 10:44:10,918 INFO Save raft meta, path=/home/nacos/data/protocol/raft/naming_instance_metadata/meta-data, term=1, votedFor=40124e8e91a6:7848, cost time=9 ms

2021-04-09 10:44:10,919 INFO Node <naming_instance_metadata/40124e8e91a6:7848> become leader of group, term=1, conf=40124e8e91a6:7848, oldConf=.

2021-04-09 10:44:10,931 WARN RPC server is not started in RaftGroupService.

2021-04-09 10:44:10,932 INFO Start the RaftGroupService successfully.

2021-04-09 10:44:10,935 INFO onLeaderStart: term=1.

2021-04-09 10:44:10,971 INFO The number of active nodes increment to 3.

2021-04-09 10:44:11,093 INFO Starts FSMCaller successfully.

2021-04-09 10:44:11,095 WARN No data for snapshot reader /home/nacos/data/protocol/raft/naming_service_metadata/snapshot.

2021-04-09 10:44:11,115 INFO Node <naming_service_metadata/40124e8e91a6:7848> init, term=0, lastLogId=LogId [index=0, term=0], conf=40124e8e91a6:7848, oldConf=.

2021-04-09 10:44:11,126 INFO Node <naming_service_metadata/40124e8e91a6:7848> start vote and grant vote self, term=0.

2021-04-09 10:44:11,148 INFO Save raft meta, path=/home/nacos/data/protocol/raft/naming_service_metadata/meta-data, term=1, votedFor=40124e8e91a6:7848, cost time=12 ms

2021-04-09 10:44:11,150 INFO Node <naming_service_metadata/40124e8e91a6:7848> become leader of group, term=1, conf=40124e8e91a6:7848, oldConf=.

2021-04-09 10:44:11,160 WARN RPC server is not started in RaftGroupService.

2021-04-09 10:44:11,163 INFO Start the RaftGroupService successfully.

2021-04-09 10:44:11,166 INFO onLeaderStart: term=1.

2021-04-09 10:44:11,438 WARN Channel in TRANSIENT_FAILURE state: 40124e8e91a6:7848.

2021-04-09 10:44:11,446 WARN Channel in SHUTDOWN state: 40124e8e91a6:7848.

2021-04-09 10:44:12,470 ERROR Fail to connect 40124e8e91a6:7848, remoting exception: java.util.concurrent.ExecutionException: io.grpc.StatusRuntimeException: DEADLINE_EXCEEDED: deadline exceeded after 669857500ns. [buffered_nanos=672466400, waiting_for_connection].

2021-04-09 10:44:12,471 ERROR Fail to connect 40124e8e91a6:7848, remoting exception: java.util.concurrent.ExecutionException: io.grpc.StatusRuntimeException: DEADLINE_EXCEEDED: deadline exceeded after 722418700ns. [buffered_nanos=737915400, waiting_for_connection].

2021-04-09 10:44:12,477 ERROR Fail to connect peer 40124e8e91a6:7848 to get leader for group naming_instance_metadata.

2021-04-09 10:44:12,470 ERROR Fail to connect 40124e8e91a6:7848, remoting exception: java.util.concurrent.ExecutionException: io.grpc.StatusRuntimeException: DEADLINE_EXCEEDED: deadline exceeded after 723229700ns. [buffered_nanos=735228600, waiting_for_connection].

2021-04-09 10:44:12,473 ERROR Fail to connect peer 40124e8e91a6:7848 to get leader for group naming_service_metadata.

2021-04-09 10:44:12,479 ERROR Fail to connect peer 40124e8e91a6:7848 to get leader for group naming_persistent_service_v2.

2021-04-09 10:56:26,530 INFO SPI service [com.alipay.sofa.jraft.JRaftServiceFactory - com.alipay.sofa.jraft.core.DefaultJRaftServiceFactory] loading.

2021-04-09 10:56:26,694 INFO SPI service [com.alipay.sofa.jraft.rpc.RaftRpcFactory - com.alipay.sofa.jraft.rpc.impl.GrpcRaftRpcFactory] loading.

2021-04-09 10:56:27,054 INFO SPI service [com.alipay.sofa.jraft.util.JRaftSignalHandler - com.alipay.sofa.jraft.NodeDescribeSignalHandler] loading.

2021-04-09 10:56:27,059 INFO SPI service [com.alipay.sofa.jraft.util.JRaftSignalHandler - com.alipay.sofa.jraft.NodeMetricsSignalHandler] loading.

2021-04-09 10:56:27,064 INFO SPI service [com.alipay.sofa.jraft.util.JRaftSignalHandler - com.alipay.sofa.jraft.ThreadPoolMetricsSignalHandler] loading.

2021-04-09 10:56:27,075 INFO SPI service [com.alipay.sofa.jraft.util.timer.RaftTimerFactory - com.alipay.sofa.jraft.util.timer.DefaultRaftTimerFactory] loading.

2021-04-09 10:56:27,096 INFO The number of active nodes increment to 1.

2021-04-09 10:56:27,507 INFO Starts FSMCaller successfully.

2021-04-09 10:56:27,535 WARN No data for snapshot reader /home/nacos/data/protocol/raft/naming_persistent_service_v2/snapshot.

2021-04-09 10:56:27,537 INFO Node <naming_persistent_service_v2/40124e8e91a6:7848> target priority value has changed from: 0, to: -1.

2021-04-09 10:56:27,592 INFO Node <naming_persistent_service_v2/40124e8e91a6:7848> init, term=1, lastLogId=LogId [index=1, term=1], conf=40124e8e91a6:7848, oldConf=.

2021-04-09 10:56:27,602 INFO Node <naming_persistent_service_v2/40124e8e91a6:7848> start vote and grant vote self, term=1.

2021-04-09 10:56:27,658 INFO Save raft meta, path=/home/nacos/data/protocol/raft/naming_persistent_service_v2/meta-data, term=2, votedFor=40124e8e91a6:7848, cost time=30 ms

2021-04-09 10:56:27,660 INFO Node <naming_persistent_service_v2/40124e8e91a6:7848> become leader of group, term=2, conf=40124e8e91a6:7848, oldConf=.

2021-04-09 10:56:27,667 INFO -Djraft.recyclers.maxCapacityPerThread: 4096.

2021-04-09 10:56:27,685 WARN RPC server is not started in RaftGroupService.

2021-04-09 10:56:27,688 INFO Start the RaftGroupService successfully.

2021-04-09 10:56:27,732 INFO onLeaderStart: term=2.

2021-04-09 10:56:27,815 INFO The number of active nodes increment to 2.

2021-04-09 10:56:27,913 INFO Starts FSMCaller successfully.

2021-04-09 10:56:27,916 WARN No data for snapshot reader /home/nacos/data/protocol/raft/naming_instance_metadata/snapshot.

2021-04-09 10:56:27,917 INFO Node <naming_instance_metadata/40124e8e91a6:7848> target priority value has changed from: 0, to: -1.

2021-04-09 10:56:27,935 INFO Node <naming_instance_metadata/40124e8e91a6:7848> init, term=1, lastLogId=LogId [index=1, term=1], conf=40124e8e91a6:7848, oldConf=.

2021-04-09 10:56:27,950 INFO Node <naming_instance_metadata/40124e8e91a6:7848> start vote and grant vote self, term=1.

2021-04-09 10:56:27,960 INFO Save raft meta, path=/home/nacos/data/protocol/raft/naming_instance_metadata/meta-data, term=2, votedFor=40124e8e91a6:7848, cost time=2 ms

2021-04-09 10:56:27,961 INFO Node <naming_instance_metadata/40124e8e91a6:7848> become leader of group, term=2, conf=40124e8e91a6:7848, oldConf=.

2021-04-09 10:56:27,971 WARN RPC server is not started in RaftGroupService.

2021-04-09 10:56:27,972 INFO Start the RaftGroupService successfully.

2021-04-09 10:56:27,973 INFO onLeaderStart: term=2.

2021-04-09 10:56:28,010 INFO The number of active nodes increment to 3.

2021-04-09 10:56:28,100 INFO Starts FSMCaller successfully.

2021-04-09 10:56:28,101 WARN No data for snapshot reader /home/nacos/data/protocol/raft/naming_service_metadata/snapshot.

2021-04-09 10:56:28,103 INFO Node <naming_service_metadata/40124e8e91a6:7848> target priority value has changed from: 0, to: -1.

2021-04-09 10:56:28,111 INFO Node <naming_service_metadata/40124e8e91a6:7848> init, term=1, lastLogId=LogId [index=1, term=1], conf=40124e8e91a6:7848, oldConf=.

2021-04-09 10:56:28,113 INFO Node <naming_service_metadata/40124e8e91a6:7848> start vote and grant vote self, term=1.

2021-04-09 10:56:28,122 INFO Save raft meta, path=/home/nacos/data/protocol/raft/naming_service_metadata/meta-data, term=2, votedFor=40124e8e91a6:7848, cost time=7 ms

2021-04-09 10:56:28,124 INFO Node <naming_service_metadata/40124e8e91a6:7848> become leader of group, term=2, conf=40124e8e91a6:7848, oldConf=.

2021-04-09 10:56:28,126 WARN RPC server is not started in RaftGroupService.

2021-04-09 10:56:28,128 INFO Start the RaftGroupService successfully.

2021-04-09 10:56:28,130 INFO onLeaderStart: term=2.

2021-04-09 10:56:28,145 WARN Channel in TRANSIENT_FAILURE state: 40124e8e91a6:7848.

2021-04-09 10:56:28,148 WARN Channel in SHUTDOWN state: 40124e8e91a6:7848.

2021-04-09 10:56:29,173 ERROR Fail to connect 40124e8e91a6:7848, remoting exception: java.util.concurrent.ExecutionException: io.grpc.StatusRuntimeException: DEADLINE_EXCEEDED: deadline exceeded after 800895600ns. [buffered_nanos=801717200, waiting_for_connection].

2021-04-09 10:56:29,177 ERROR Fail to connect peer 40124e8e91a6:7848 to get leader for group naming_persistent_service_v2.

2021-04-09 10:56:29,176 ERROR Fail to connect 40124e8e91a6:7848, remoting exception: java.util.concurrent.ExecutionException: io.grpc.StatusRuntimeException: DEADLINE_EXCEEDED: deadline exceeded after 847073800ns. [buffered_nanos=848293000, waiting_for_connection].

2021-04-09 10:56:29,180 ERROR Fail to connect peer 40124e8e91a6:7848 to get leader for group naming_instance_metadata.

2021-04-09 10:56:29,314 ERROR Fail to connect 40124e8e91a6:7848, remoting exception: java.util.concurrent.ExecutionException: io.grpc.StatusRuntimeException: DEADLINE_EXCEEDED: deadline exceeded after 848795000ns. [buffered_nanos=1001426100, waiting_for_connection].

2021-04-09 10:56:29,316 ERROR Fail to connect peer 40124e8e91a6:7848 to get leader for group naming_service_metadata.

2021-04-09 11:06:41,509 INFO SPI service [com.alipay.sofa.jraft.JRaftServiceFactory - com.alipay.sofa.jraft.core.DefaultJRaftServiceFactory] loading.

2021-04-09 11:06:41,825 INFO SPI service [com.alipay.sofa.jraft.rpc.RaftRpcFactory - com.alipay.sofa.jraft.rpc.impl.GrpcRaftRpcFactory] loading.

2021-04-09 11:06:43,223 INFO SPI service [com.alipay.sofa.jraft.util.JRaftSignalHandler - com.alipay.sofa.jraft.NodeDescribeSignalHandler] loading.

2021-04-09 11:06:43,227 INFO SPI service [com.alipay.sofa.jraft.util.JRaftSignalHandler - com.alipay.sofa.jraft.NodeMetricsSignalHandler] loading.

2021-04-09 11:06:43,230 INFO SPI service [com.alipay.sofa.jraft.util.JRaftSignalHandler - com.alipay.sofa.jraft.ThreadPoolMetricsSignalHandler] loading.

2021-04-09 11:06:43,239 INFO SPI service [com.alipay.sofa.jraft.util.timer.RaftTimerFactory - com.alipay.sofa.jraft.util.timer.DefaultRaftTimerFactory] loading.

2021-04-09 11:06:43,255 INFO The number of active nodes increment to 1.

2021-04-09 11:06:43,528 INFO Starts FSMCaller successfully.

2021-04-09 11:06:43,557 WARN No data for snapshot reader /home/nacos/data/protocol/raft/naming_persistent_service/snapshot.

2021-04-09 11:06:43,612 INFO Node <naming_persistent_service/5bbc274d7e45:7848> init, term=0, lastLogId=LogId [index=0, term=0], conf=5bbc274d7e45:7848, oldConf=.

2021-04-09 11:06:43,619 INFO Node <naming_persistent_service/5bbc274d7e45:7848> start vote and grant vote self, term=0.

2021-04-09 11:06:43,679 INFO Save raft meta, path=/home/nacos/data/protocol/raft/naming_persistent_service/meta-data, term=1, votedFor=5bbc274d7e45:7848, cost time=38 ms

2021-04-09 11:06:43,682 INFO Node <naming_persistent_service/5bbc274d7e45:7848> become leader of group, term=1, conf=5bbc274d7e45:7848, oldConf=.

2021-04-09 11:06:43,697 INFO -Djraft.recyclers.maxCapacityPerThread: 4096.

2021-04-09 11:06:43,708 WARN RPC server is not started in RaftGroupService.

2021-04-09 11:06:43,709 INFO Start the RaftGroupService successfully.

2021-04-09 11:06:43,741 INFO onLeaderStart: term=1.

2021-04-09 11:06:45,086 ERROR Fail to connect 5bbc274d7e45:7848, remoting exception: java.util.concurrent.ExecutionException: io.grpc.StatusRuntimeException: DEADLINE_EXCEEDED: deadline exceeded after 762886600ns. [buffered_nanos=770105000, waiting_for_connection].

2021-04-09 11:06:45,088 ERROR Fail to connect peer 5bbc274d7e45:7848 to get leader for group naming_persistent_service.

2021-04-09 11:12:18,884 INFO SPI service [com.alipay.sofa.jraft.JRaftServiceFactory - com.alipay.sofa.jraft.core.DefaultJRaftServiceFactory] loading.

2021-04-09 11:12:19,054 INFO SPI service [com.alipay.sofa.jraft.rpc.RaftRpcFactory - com.alipay.sofa.jraft.rpc.impl.GrpcRaftRpcFactory] loading.

2021-04-09 11:12:20,356 INFO SPI service [com.alipay.sofa.jraft.util.JRaftSignalHandler - com.alipay.sofa.jraft.NodeDescribeSignalHandler] loading.

2021-04-09 11:12:20,363 INFO SPI service [com.alipay.sofa.jraft.util.JRaftSignalHandler - com.alipay.sofa.jraft.NodeMetricsSignalHandler] loading.

2021-04-09 11:12:20,367 INFO SPI service [com.alipay.sofa.jraft.util.JRaftSignalHandler - com.alipay.sofa.jraft.ThreadPoolMetricsSignalHandler] loading.

2021-04-09 11:12:20,373 INFO SPI service [com.alipay.sofa.jraft.util.timer.RaftTimerFactory - com.alipay.sofa.jraft.util.timer.DefaultRaftTimerFactory] loading.

2021-04-09 11:12:20,384 INFO The number of active nodes increment to 1.

2021-04-09 11:12:20,614 INFO Starts FSMCaller successfully.

2021-04-09 11:12:20,635 WARN No data for snapshot reader /home/nacos/data/protocol/raft/naming_persistent_service/snapshot.

2021-04-09 11:12:20,686 INFO Node <naming_persistent_service/5444fe7bd4d7:7848> init, term=0, lastLogId=LogId [index=0, term=0], conf=5444fe7bd4d7:7848, oldConf=.

2021-04-09 11:12:20,692 INFO Node <naming_persistent_service/5444fe7bd4d7:7848> start vote and grant vote self, term=0.

2021-04-09 11:12:20,747 INFO Save raft meta, path=/home/nacos/data/protocol/raft/naming_persistent_service/meta-data, term=1, votedFor=5444fe7bd4d7:7848, cost time=32 ms

2021-04-09 11:12:20,751 INFO Node <naming_persistent_service/5444fe7bd4d7:7848> become leader of group, term=1, conf=5444fe7bd4d7:7848, oldConf=.

2021-04-09 11:12:20,765 INFO -Djraft.recyclers.maxCapacityPerThread: 4096.

2021-04-09 11:12:20,780 WARN RPC server is not started in RaftGroupService.

2021-04-09 11:12:20,781 INFO Start the RaftGroupService successfully.

2021-04-09 11:12:20,829 INFO onLeaderStart: term=1.

2021-04-09 11:12:22,125 ERROR Fail to connect 5444fe7bd4d7:7848, remoting exception: java.util.concurrent.ExecutionException: io.grpc.StatusRuntimeException: DEADLINE_EXCEEDED: deadline exceeded after 793886800ns. [buffered_nanos=675378800, remote_addr=5444fe7bd4d7/172.18.0.2:7848].

2021-04-09 11:12:22,127 ERROR Fail to connect peer 5444fe7bd4d7:7848 to get leader for group naming_persistent_service.

2021-04-09 11:12:22,188 WARN [GRPC] failed to send response: {}.

io.grpc.StatusRuntimeException: CANCELLED: call already cancelled
	at io.grpc.Status.asRuntimeException(Status.java:524)
	at io.grpc.stub.ServerCalls$ServerCallStreamObserverImpl.onNext(ServerCalls.java:341)
	at com.alipay.sofa.jraft.rpc.impl.GrpcServer$1.sendResponse(GrpcServer.java:153)
	at com.alipay.sofa.jraft.rpc.impl.PingRequestProcessor.handleRequest(PingRequestProcessor.java:35)
	at com.alipay.sofa.jraft.rpc.impl.PingRequestProcessor.handleRequest(PingRequestProcessor.java:31)
	at com.alipay.sofa.jraft.rpc.impl.GrpcServer.lambda$null$1(GrpcServer.java:194)
	at java.util.concurrent.ThreadPoolExecutor.runWorker(ThreadPoolExecutor.java:1149)
	at java.util.concurrent.ThreadPoolExecutor$Worker.run(ThreadPoolExecutor.java:624)
	at java.lang.Thread.run(Thread.java:748)
2021-04-09 11:25:43,500 INFO SPI service [com.alipay.sofa.jraft.JRaftServiceFactory - com.alipay.sofa.jraft.core.DefaultJRaftServiceFactory] loading.

2021-04-09 11:25:43,669 INFO SPI service [com.alipay.sofa.jraft.rpc.RaftRpcFactory - com.alipay.sofa.jraft.rpc.impl.GrpcRaftRpcFactory] loading.

2021-04-09 11:25:44,919 INFO SPI service [com.alipay.sofa.jraft.util.JRaftSignalHandler - com.alipay.sofa.jraft.NodeDescribeSignalHandler] loading.

2021-04-09 11:25:44,923 INFO SPI service [com.alipay.sofa.jraft.util.JRaftSignalHandler - com.alipay.sofa.jraft.NodeMetricsSignalHandler] loading.

2021-04-09 11:25:44,927 INFO SPI service [com.alipay.sofa.jraft.util.JRaftSignalHandler - com.alipay.sofa.jraft.ThreadPoolMetricsSignalHandler] loading.

2021-04-09 11:25:44,933 INFO SPI service [com.alipay.sofa.jraft.util.timer.RaftTimerFactory - com.alipay.sofa.jraft.util.timer.DefaultRaftTimerFactory] loading.

2021-04-09 11:25:44,946 INFO The number of active nodes increment to 1.

2021-04-09 11:25:45,406 INFO Starts FSMCaller successfully.

2021-04-09 11:25:45,433 WARN No data for snapshot reader /home/nacos/data/protocol/raft/naming_persistent_service/snapshot.

2021-04-09 11:25:45,489 INFO Node <naming_persistent_service/5124de1906f9:7848> init, term=0, lastLogId=LogId [index=0, term=0], conf=5124de1906f9:7848, oldConf=.

2021-04-09 11:25:45,499 INFO Node <naming_persistent_service/5124de1906f9:7848> start vote and grant vote self, term=0.

2021-04-09 11:25:45,565 INFO Save raft meta, path=/home/nacos/data/protocol/raft/naming_persistent_service/meta-data, term=1, votedFor=5124de1906f9:7848, cost time=37 ms

2021-04-09 11:25:45,569 INFO Node <naming_persistent_service/5124de1906f9:7848> become leader of group, term=1, conf=5124de1906f9:7848, oldConf=.

2021-04-09 11:25:45,584 INFO -Djraft.recyclers.maxCapacityPerThread: 4096.

2021-04-09 11:25:45,598 WARN RPC server is not started in RaftGroupService.

2021-04-09 11:25:45,600 INFO Start the RaftGroupService successfully.

2021-04-09 11:25:45,637 INFO onLeaderStart: term=1.

2021-04-09 11:27:25,214 INFO SPI service [com.alipay.sofa.jraft.JRaftServiceFactory - com.alipay.sofa.jraft.core.DefaultJRaftServiceFactory] loading.

2021-04-09 11:27:25,367 INFO SPI service [com.alipay.sofa.jraft.rpc.RaftRpcFactory - com.alipay.sofa.jraft.rpc.impl.GrpcRaftRpcFactory] loading.

2021-04-09 11:27:26,493 INFO SPI service [com.alipay.sofa.jraft.util.JRaftSignalHandler - com.alipay.sofa.jraft.NodeDescribeSignalHandler] loading.

2021-04-09 11:27:26,496 INFO SPI service [com.alipay.sofa.jraft.util.JRaftSignalHandler - com.alipay.sofa.jraft.NodeMetricsSignalHandler] loading.

2021-04-09 11:27:26,499 INFO SPI service [com.alipay.sofa.jraft.util.JRaftSignalHandler - com.alipay.sofa.jraft.ThreadPoolMetricsSignalHandler] loading.

2021-04-09 11:27:26,505 INFO SPI service [com.alipay.sofa.jraft.util.timer.RaftTimerFactory - com.alipay.sofa.jraft.util.timer.DefaultRaftTimerFactory] loading.

2021-04-09 11:27:26,515 INFO The number of active nodes increment to 1.

2021-04-09 11:27:26,741 INFO Starts FSMCaller successfully.

2021-04-09 11:27:26,761 WARN No data for snapshot reader /home/nacos/data/protocol/raft/naming_persistent_service/snapshot.

2021-04-09 11:27:26,806 INFO Node <naming_persistent_service/a595195dfd31:7848> init, term=0, lastLogId=LogId [index=0, term=0], conf=a595195dfd31:7848, oldConf=.

2021-04-09 11:27:26,811 INFO Node <naming_persistent_service/a595195dfd31:7848> start vote and grant vote self, term=0.

2021-04-09 11:27:26,862 INFO Save raft meta, path=/home/nacos/data/protocol/raft/naming_persistent_service/meta-data, term=1, votedFor=a595195dfd31:7848, cost time=35 ms

2021-04-09 11:27:26,867 INFO Node <naming_persistent_service/a595195dfd31:7848> become leader of group, term=1, conf=a595195dfd31:7848, oldConf=.

2021-04-09 11:27:26,880 INFO -Djraft.recyclers.maxCapacityPerThread: 4096.

2021-04-09 11:27:26,900 WARN RPC server is not started in RaftGroupService.

2021-04-09 11:27:26,902 INFO Start the RaftGroupService successfully.

2021-04-09 11:27:26,910 INFO onLeaderStart: term=1.

2021-04-09 11:27:28,279 ERROR Fail to connect a595195dfd31:7848, remoting exception: java.util.concurrent.ExecutionException: io.grpc.StatusRuntimeException: DEADLINE_EXCEEDED: deadline exceeded after 791293500ns. [buffered_nanos=647856500, remote_addr=a595195dfd31/172.18.0.2:7848].

2021-04-09 11:27:28,282 ERROR Fail to connect peer a595195dfd31:7848 to get leader for group naming_persistent_service.

2021-04-09 11:28:56,928 INFO SPI service [com.alipay.sofa.jraft.JRaftServiceFactory - com.alipay.sofa.jraft.core.DefaultJRaftServiceFactory] loading.

2021-04-09 11:28:57,121 INFO SPI service [com.alipay.sofa.jraft.rpc.RaftRpcFactory - com.alipay.sofa.jraft.rpc.impl.GrpcRaftRpcFactory] loading.

2021-04-09 11:28:58,458 INFO SPI service [com.alipay.sofa.jraft.util.JRaftSignalHandler - com.alipay.sofa.jraft.NodeDescribeSignalHandler] loading.

2021-04-09 11:28:58,465 INFO SPI service [com.alipay.sofa.jraft.util.JRaftSignalHandler - com.alipay.sofa.jraft.NodeMetricsSignalHandler] loading.

2021-04-09 11:28:58,470 INFO SPI service [com.alipay.sofa.jraft.util.JRaftSignalHandler - com.alipay.sofa.jraft.ThreadPoolMetricsSignalHandler] loading.

2021-04-09 11:28:58,476 INFO SPI service [com.alipay.sofa.jraft.util.timer.RaftTimerFactory - com.alipay.sofa.jraft.util.timer.DefaultRaftTimerFactory] loading.

2021-04-09 11:28:58,486 INFO The number of active nodes increment to 1.

2021-04-09 11:28:58,709 INFO Starts FSMCaller successfully.

2021-04-09 11:28:58,733 WARN No data for snapshot reader /home/nacos/data/protocol/raft/naming_persistent_service/snapshot.

2021-04-09 11:28:58,785 INFO Node <naming_persistent_service/0f1699fa2881:7848> init, term=0, lastLogId=LogId [index=0, term=0], conf=0f1699fa2881:7848, oldConf=.

2021-04-09 11:28:58,791 INFO Node <naming_persistent_service/0f1699fa2881:7848> start vote and grant vote self, term=0.

2021-04-09 11:28:58,844 INFO Save raft meta, path=/home/nacos/data/protocol/raft/naming_persistent_service/meta-data, term=1, votedFor=0f1699fa2881:7848, cost time=36 ms

2021-04-09 11:28:58,847 INFO Node <naming_persistent_service/0f1699fa2881:7848> become leader of group, term=1, conf=0f1699fa2881:7848, oldConf=.

2021-04-09 11:28:58,855 INFO -Djraft.recyclers.maxCapacityPerThread: 4096.

2021-04-09 11:28:58,871 WARN RPC server is not started in RaftGroupService.

2021-04-09 11:28:58,872 INFO Start the RaftGroupService successfully.

2021-04-09 11:28:58,889 INFO onLeaderStart: term=1.

2021-04-09 11:53:06,247 INFO Deleting snapshot /home/nacos/data/protocol/raft/naming_persistent_service/snapshot/snapshot_1.

2021-04-09 11:53:06,249 INFO Renaming /home/nacos/data/protocol/raft/naming_persistent_service/snapshot/temp to /home/nacos/data/protocol/raft/naming_persistent_service/snapshot/snapshot_1.

2021-04-09 11:59:03,153 INFO Connection disconnected: /172.18.0.2:46382

