2021-04-09 10:43:59,918 INFO Current addressing mode selection : StandaloneMemberLookup

2021-04-09 10:43:59,938 WARN [serverlist] updated to : [Member{ip='40124e8e91a6', port=8848, state=UP, extendInfo={raftPort=7848}}]

2021-04-09 10:44:04,312 WARN [ClusterRpcClientProxy] success to refresh cluster rpc client on start up,members =[] 

2021-04-09 10:56:22,522 INFO Current addressing mode selection : StandaloneMemberLookup

2021-04-09 10:56:22,534 WARN [serverlist] updated to : [Member{ip='40124e8e91a6', port=8848, state=UP, extendInfo={raftPort=7848}}]

2021-04-09 10:56:24,553 WARN [ClusterRpcClientProxy] success to refresh cluster rpc client on start up,members =[] 

2021-04-09 10:56:32,082 INFO This node is ready to provide external services

2021-04-09 11:06:40,500 INFO Current addressing mode selection : StandaloneMemberLookup

2021-04-09 11:06:40,513 WARN [serverlist] updated to : [Member{ip='5bbc274d7e45', port=8848, state=UP, extendInfo={adWeight=0, raftPort=7848, site=unknow, weight=1}}]

2021-04-09 11:06:49,472 INFO This node is ready to provide external services

2021-04-09 11:12:18,429 INFO Current addressing mode selection : StandaloneMemberLookup

2021-04-09 11:12:18,438 WARN [serverlist] updated to : [Member{ip='5444fe7bd4d7', port=8848, state=UP, extendInfo={adWeight=0, raftPort=7848, site=unknow, weight=1}}]

2021-04-09 11:12:25,053 INFO This node is ready to provide external services

2021-04-09 11:25:43,022 INFO Current addressing mode selection : StandaloneMemberLookup

2021-04-09 11:25:43,039 WARN [serverlist] updated to : [Member{ip='5124de1906f9', port=8848, state=UP, extendInfo={adWeight=0, raftPort=7848, site=unknow, weight=1}}]

2021-04-09 11:25:50,541 INFO This node is ready to provide external services

2021-04-09 11:27:24,732 INFO Current addressing mode selection : StandaloneMemberLookup

2021-04-09 11:27:24,741 WARN [serverlist] updated to : [Member{ip='a595195dfd31', port=8848, state=UP, extendInfo={adWeight=0, raftPort=7848, site=unknow, weight=1}}]

2021-04-09 11:27:31,238 INFO This node is ready to provide external services

2021-04-09 11:28:56,551 INFO Current addressing mode selection : StandaloneMemberLookup

2021-04-09 11:28:56,566 WARN [serverlist] updated to : [Member{ip='0f1699fa2881', port=8848, state=UP, extendInfo={adWeight=0, raftPort=7848, site=unknow, weight=1}}]

2021-04-09 11:29:03,131 INFO This node is ready to provide external services

