2021-04-10 00:03:06,616 INFO PERFORMANCE:|0|0|-1|-1

2021-04-10 00:08:06,294 INFO PERFORMANCE:|0|0|-1|-1

2021-04-10 00:13:05,959 INFO PERFORMANCE:|0|0|-1|-1

2021-04-10 00:18:05,622 INFO PERFORMANCE:|0|0|-1|-1

2021-04-10 00:23:05,285 INFO PERFORMANCE:|0|0|-1|-1

2021-04-10 00:28:04,946 INFO PERFORMANCE:|0|0|-1|-1

2021-04-10 00:33:04,607 INFO PERFORMANCE:|0|0|-1|-1

2021-04-10 00:38:04,268 INFO PERFORMANCE:|0|0|-1|-1

2021-04-10 00:43:03,930 INFO PERFORMANCE:|0|0|-1|-1

2021-04-10 00:48:03,591 INFO PERFORMANCE:|0|0|-1|-1

2021-04-10 00:53:03,256 INFO PERFORMANCE:|0|0|-1|-1

2021-04-10 00:58:02,919 INFO PERFORMANCE:|0|0|-1|-1

2021-04-10 01:03:02,573 INFO PERFORMANCE:|0|0|-1|-1

2021-04-10 01:08:02,243 INFO PERFORMANCE:|0|0|-1|-1

2021-04-10 01:13:01,906 INFO PERFORMANCE:|0|0|-1|-1

2021-04-10 01:18:01,577 INFO PERFORMANCE:|0|0|-1|-1

2021-04-10 01:23:01,243 INFO PERFORMANCE:|0|0|-1|-1

2021-04-10 01:28:00,913 INFO PERFORMANCE:|0|0|-1|-1

2021-04-10 01:33:00,577 INFO PERFORMANCE:|0|0|-1|-1

2021-04-10 01:38:00,248 INFO PERFORMANCE:|0|0|-1|-1

