2021-04-09 10:44:08,190 INFO Initializes the Raft protocol, raft-config info : {}

2021-04-09 10:44:09,192 INFO ========= The raft protocol is starting... =========

2021-04-09 10:44:09,301 INFO ========= The raft protocol start finished... =========

2021-04-09 10:44:09,400 INFO create raft group : naming_persistent_service_v2

2021-04-09 10:44:10,669 INFO create raft group : naming_instance_metadata

2021-04-09 10:44:10,710 INFO This Raft event changes : RaftEvent{groupId='naming_persistent_service_v2', leader='40124e8e91a6:7848', term=1, raftClusterInfo=[40124e8e91a6:7848]}

2021-04-09 10:44:10,936 INFO This Raft event changes : RaftEvent{groupId='naming_instance_metadata', leader='40124e8e91a6:7848', term=1, raftClusterInfo=[40124e8e91a6:7848]}

2021-04-09 10:44:10,957 INFO create raft group : naming_service_metadata

2021-04-09 10:44:11,172 INFO This Raft event changes : RaftEvent{groupId='naming_service_metadata', leader='40124e8e91a6:7848', term=1, raftClusterInfo=[40124e8e91a6:7848]}

2021-04-09 10:56:26,445 INFO Initializes the Raft protocol, raft-config info : {}

2021-04-09 10:56:26,906 INFO ========= The raft protocol is starting... =========

2021-04-09 10:56:26,974 INFO ========= The raft protocol start finished... =========

2021-04-09 10:56:27,010 INFO create raft group : naming_persistent_service_v2

2021-04-09 10:56:27,748 INFO This Raft event changes : RaftEvent{groupId='naming_persistent_service_v2', leader='40124e8e91a6:7848', term=2, raftClusterInfo=[40124e8e91a6:7848]}

2021-04-09 10:56:27,812 INFO create raft group : naming_instance_metadata

2021-04-09 10:56:27,975 INFO This Raft event changes : RaftEvent{groupId='naming_instance_metadata', leader='40124e8e91a6:7848', term=2, raftClusterInfo=[40124e8e91a6:7848]}

2021-04-09 10:56:28,008 INFO create raft group : naming_service_metadata

2021-04-09 10:56:28,131 INFO This Raft event changes : RaftEvent{groupId='naming_service_metadata', leader='40124e8e91a6:7848', term=2, raftClusterInfo=[40124e8e91a6:7848]}

2021-04-09 11:06:41,434 INFO Initializes the Raft protocol, raft-config info : {}

2021-04-09 11:06:42,068 INFO ========= The raft protocol is starting... =========

2021-04-09 11:06:43,159 INFO ========= The raft protocol start finished... =========

2021-04-09 11:06:43,186 INFO create raft group : naming_persistent_service

2021-04-09 11:06:43,753 INFO This Raft event changes : RaftEvent{groupId='naming_persistent_service', leader='5bbc274d7e45:7848', term=1, raftClusterInfo=[5bbc274d7e45:7848]}

2021-04-09 11:12:18,812 INFO Initializes the Raft protocol, raft-config info : {}

2021-04-09 11:12:19,249 INFO ========= The raft protocol is starting... =========

2021-04-09 11:12:20,291 INFO ========= The raft protocol start finished... =========

2021-04-09 11:12:20,322 INFO create raft group : naming_persistent_service

2021-04-09 11:12:20,837 INFO This Raft event changes : RaftEvent{groupId='naming_persistent_service', leader='5444fe7bd4d7:7848', term=1, raftClusterInfo=[5444fe7bd4d7:7848]}

2021-04-09 11:25:43,441 INFO Initializes the Raft protocol, raft-config info : {}

2021-04-09 11:25:43,854 INFO ========= The raft protocol is starting... =========

2021-04-09 11:25:44,861 INFO ========= The raft protocol start finished... =========

2021-04-09 11:25:44,889 INFO create raft group : naming_persistent_service

2021-04-09 11:25:45,646 INFO This Raft event changes : RaftEvent{groupId='naming_persistent_service', leader='5124de1906f9:7848', term=1, raftClusterInfo=[5124de1906f9:7848]}

2021-04-09 11:27:25,163 INFO Initializes the Raft protocol, raft-config info : {}

2021-04-09 11:27:25,539 INFO ========= The raft protocol is starting... =========

2021-04-09 11:27:26,436 INFO ========= The raft protocol start finished... =========

2021-04-09 11:27:26,464 INFO create raft group : naming_persistent_service

2021-04-09 11:27:26,917 INFO This Raft event changes : RaftEvent{groupId='naming_persistent_service', leader='a595195dfd31:7848', term=1, raftClusterInfo=[a595195dfd31:7848]}

2021-04-09 11:28:56,879 INFO Initializes the Raft protocol, raft-config info : {}

2021-04-09 11:28:57,378 INFO ========= The raft protocol is starting... =========

2021-04-09 11:28:58,392 INFO ========= The raft protocol start finished... =========

2021-04-09 11:28:58,424 INFO create raft group : naming_persistent_service

2021-04-09 11:28:58,894 INFO This Raft event changes : RaftEvent{groupId='naming_persistent_service', leader='0f1699fa2881:7848', term=1, raftClusterInfo=[0f1699fa2881:7848]}

