2021-04-09 10:44:05,815 INFO Connection check task start

2021-04-09 10:44:05,872 INFO Total count =0, sdkCount=0,clusterCount=0, currentLimit=-1, toExpelCount=0

2021-04-09 10:44:05,874 INFO Check over limit for ip limit rule, over limit ip count=0

2021-04-09 10:44:05,875 INFO Out dated connection ,size=0

2021-04-09 10:44:05,878 INFO Connection check task end

2021-04-09 10:44:08,887 INFO Connection check task start

2021-04-09 10:44:08,890 INFO Total count =0, sdkCount=0,clusterCount=0, currentLimit=-1, toExpelCount=0

2021-04-09 10:44:08,891 INFO Check over limit for ip limit rule, over limit ip count=0

2021-04-09 10:44:08,893 INFO Out dated connection ,size=0

2021-04-09 10:44:08,894 INFO Connection check task end

2021-04-09 10:44:11,895 INFO Connection check task start

2021-04-09 10:44:11,899 INFO Total count =0, sdkCount=0,clusterCount=0, currentLimit=-1, toExpelCount=0

2021-04-09 10:44:11,901 INFO Check over limit for ip limit rule, over limit ip count=0

2021-04-09 10:44:11,903 INFO Out dated connection ,size=0

2021-04-09 10:44:11,906 INFO Connection check task end

2021-04-09 10:44:14,874 INFO Connection check task start

2021-04-09 10:44:15,780 INFO Total count =0, sdkCount=0,clusterCount=0, currentLimit=-1, toExpelCount=0

2021-04-09 10:44:15,801 INFO Check over limit for ip limit rule, over limit ip count=0

2021-04-09 10:44:15,810 INFO Out dated connection ,size=0

2021-04-09 10:44:15,812 INFO Connection check task end

2021-04-09 10:44:18,826 INFO Connection check task start

2021-04-09 10:44:19,026 INFO Total count =0, sdkCount=0,clusterCount=0, currentLimit=-1, toExpelCount=0

2021-04-09 10:44:19,085 INFO Check over limit for ip limit rule, over limit ip count=0

2021-04-09 10:44:19,200 INFO Out dated connection ,size=0

2021-04-09 10:44:19,205 INFO Connection check task end

2021-04-09 10:44:22,272 INFO Connection check task start

2021-04-09 10:44:22,299 INFO Total count =0, sdkCount=0,clusterCount=0, currentLimit=-1, toExpelCount=0

2021-04-09 10:44:22,617 INFO Check over limit for ip limit rule, over limit ip count=0

2021-04-09 10:44:23,021 INFO Out dated connection ,size=0

2021-04-09 10:44:23,032 INFO Connection check task end

2021-04-09 10:44:26,041 INFO Connection check task start

2021-04-09 10:44:26,219 INFO Total count =0, sdkCount=0,clusterCount=0, currentLimit=-1, toExpelCount=0

2021-04-09 10:44:26,438 INFO Check over limit for ip limit rule, over limit ip count=0

2021-04-09 10:44:26,695 INFO Out dated connection ,size=0

2021-04-09 10:44:26,862 INFO Connection check task end

2021-04-09 10:44:30,083 INFO Connection check task start

2021-04-09 10:44:30,224 INFO Total count =0, sdkCount=0,clusterCount=0, currentLimit=-1, toExpelCount=0

2021-04-09 10:44:30,402 INFO Check over limit for ip limit rule, over limit ip count=0

2021-04-09 10:44:30,823 INFO Out dated connection ,size=0

2021-04-09 10:44:31,215 INFO Connection check task end

2021-04-09 10:44:34,398 INFO Connection check task start

2021-04-09 10:44:34,568 INFO Total count =0, sdkCount=0,clusterCount=0, currentLimit=-1, toExpelCount=0

2021-04-09 10:44:36,549 INFO Check over limit for ip limit rule, over limit ip count=0

2021-04-09 10:44:40,614 INFO Out dated connection ,size=0

2021-04-09 10:44:41,737 INFO Connection check task end

2021-04-09 10:44:45,157 INFO Connection check task start

2021-04-09 10:44:45,501 INFO Total count =0, sdkCount=0,clusterCount=0, currentLimit=-1, toExpelCount=0

2021-04-09 10:44:48,931 INFO Check over limit for ip limit rule, over limit ip count=0

2021-04-09 10:44:50,347 INFO Out dated connection ,size=0

2021-04-09 10:44:50,842 INFO Connection check task end

2021-04-09 10:44:53,868 INFO Connection check task start

2021-04-09 10:44:53,894 INFO Total count =0, sdkCount=0,clusterCount=0, currentLimit=-1, toExpelCount=0

2021-04-09 10:44:54,001 INFO Check over limit for ip limit rule, over limit ip count=0

2021-04-09 10:44:54,065 INFO Out dated connection ,size=0

2021-04-09 10:44:54,250 INFO Connection check task end

2021-04-09 10:44:57,285 INFO Connection check task start

2021-04-09 10:44:57,311 INFO Total count =0, sdkCount=0,clusterCount=0, currentLimit=-1, toExpelCount=0

2021-04-09 10:44:57,449 INFO Check over limit for ip limit rule, over limit ip count=0

2021-04-09 10:44:57,671 INFO Out dated connection ,size=0

2021-04-09 10:44:57,770 INFO Connection check task end

2021-04-09 10:45:00,851 INFO Connection check task start

2021-04-09 10:45:01,107 INFO Total count =0, sdkCount=0,clusterCount=0, currentLimit=-1, toExpelCount=0

2021-04-09 10:45:01,779 INFO Check over limit for ip limit rule, over limit ip count=0

2021-04-09 10:45:02,458 INFO Out dated connection ,size=0

2021-04-09 10:45:05,583 INFO Connection check task end

2021-04-09 10:45:11,314 INFO Connection check task start

2021-04-09 10:45:13,377 INFO Total count =0, sdkCount=0,clusterCount=0, currentLimit=-1, toExpelCount=0

2021-04-09 10:45:15,371 INFO Check over limit for ip limit rule, over limit ip count=0

2021-04-09 10:45:15,906 INFO Out dated connection ,size=0

2021-04-09 10:45:18,386 INFO Connection check task end

2021-04-09 10:45:21,424 INFO Connection check task start

2021-04-09 10:45:22,390 INFO Total count =0, sdkCount=0,clusterCount=0, currentLimit=-1, toExpelCount=0

2021-04-09 10:45:23,011 INFO Check over limit for ip limit rule, over limit ip count=0

2021-04-09 10:45:24,098 INFO Out dated connection ,size=0

2021-04-09 10:45:25,139 INFO Connection check task end

2021-04-09 10:45:28,362 INFO Connection check task start

2021-04-09 10:45:28,380 INFO Total count =0, sdkCount=0,clusterCount=0, currentLimit=-1, toExpelCount=0

2021-04-09 10:45:28,388 INFO Check over limit for ip limit rule, over limit ip count=0

2021-04-09 10:45:28,395 INFO Out dated connection ,size=0

2021-04-09 10:45:28,397 INFO Connection check task end

2021-04-09 10:45:31,641 INFO Connection check task start

2021-04-09 10:45:35,497 INFO Total count =0, sdkCount=0,clusterCount=0, currentLimit=-1, toExpelCount=0

2021-04-09 10:45:37,862 INFO Check over limit for ip limit rule, over limit ip count=0

2021-04-09 10:45:40,707 INFO Out dated connection ,size=0

2021-04-09 10:45:43,439 INFO Connection check task end

2021-04-09 10:45:48,734 INFO Connection check task start

2021-04-09 10:45:53,843 INFO Total count =0, sdkCount=0,clusterCount=0, currentLimit=-1, toExpelCount=0

2021-04-09 10:45:56,926 INFO Check over limit for ip limit rule, over limit ip count=0

2021-04-09 10:46:00,815 INFO Out dated connection ,size=0

2021-04-09 10:46:04,629 INFO Connection check task end

2021-04-09 10:46:09,493 INFO Connection check task start

2021-04-09 10:46:11,119 INFO Total count =0, sdkCount=0,clusterCount=0, currentLimit=-1, toExpelCount=0

2021-04-09 10:46:15,322 INFO Check over limit for ip limit rule, over limit ip count=0

2021-04-09 10:46:18,129 INFO Out dated connection ,size=0

2021-04-09 10:46:20,396 INFO Connection check task end

2021-04-09 10:46:24,549 INFO Connection check task start

2021-04-09 10:46:25,842 INFO Total count =0, sdkCount=0,clusterCount=0, currentLimit=-1, toExpelCount=0

2021-04-09 10:46:29,076 INFO Check over limit for ip limit rule, over limit ip count=0

2021-04-09 10:46:29,832 INFO Out dated connection ,size=0

2021-04-09 10:46:31,973 INFO Connection check task end

2021-04-09 10:46:37,092 INFO Connection check task start

2021-04-09 10:46:39,221 INFO Total count =0, sdkCount=0,clusterCount=0, currentLimit=-1, toExpelCount=0

2021-04-09 10:46:43,024 INFO Check over limit for ip limit rule, over limit ip count=0

2021-04-09 10:46:44,934 INFO Out dated connection ,size=0

2021-04-09 10:46:47,325 INFO Connection check task end

2021-04-09 10:46:51,074 INFO Connection check task start

2021-04-09 10:46:51,754 INFO Total count =0, sdkCount=0,clusterCount=0, currentLimit=-1, toExpelCount=0

2021-04-09 10:46:53,376 INFO Check over limit for ip limit rule, over limit ip count=0

2021-04-09 10:46:58,101 INFO Out dated connection ,size=0

2021-04-09 10:47:00,668 INFO Connection check task end

2021-04-09 10:47:05,484 INFO Connection check task start

2021-04-09 10:47:06,967 INFO Total count =0, sdkCount=0,clusterCount=0, currentLimit=-1, toExpelCount=0

2021-04-09 10:47:10,444 INFO Check over limit for ip limit rule, over limit ip count=0

2021-04-09 10:47:10,458 INFO Out dated connection ,size=0

2021-04-09 10:47:11,224 INFO Connection check task end

2021-04-09 10:47:14,519 INFO Connection check task start

2021-04-09 10:47:17,587 INFO Total count =0, sdkCount=0,clusterCount=0, currentLimit=-1, toExpelCount=0

2021-04-09 10:47:20,737 INFO Check over limit for ip limit rule, over limit ip count=0

2021-04-09 10:47:22,498 INFO Out dated connection ,size=0

2021-04-09 10:47:26,430 INFO Connection check task end

2021-04-09 10:47:32,721 INFO Connection check task start

2021-04-09 10:47:32,761 INFO Total count =0, sdkCount=0,clusterCount=0, currentLimit=-1, toExpelCount=0

2021-04-09 10:47:33,363 INFO Check over limit for ip limit rule, over limit ip count=0

2021-04-09 10:47:34,292 INFO Out dated connection ,size=0

2021-04-09 10:47:35,439 INFO Connection check task end

2021-04-09 10:47:43,961 INFO Connection check task start

2021-04-09 10:47:45,388 INFO Total count =0, sdkCount=0,clusterCount=0, currentLimit=-1, toExpelCount=0

2021-04-09 10:47:49,541 INFO Check over limit for ip limit rule, over limit ip count=0

2021-04-09 10:47:51,279 INFO Out dated connection ,size=0

2021-04-09 10:47:53,061 INFO Connection check task end

2021-04-09 10:47:57,131 INFO Connection check task start

2021-04-09 10:47:57,791 INFO Total count =0, sdkCount=0,clusterCount=0, currentLimit=-1, toExpelCount=0

2021-04-09 10:47:59,364 INFO Check over limit for ip limit rule, over limit ip count=0

2021-04-09 10:48:00,712 INFO Out dated connection ,size=0

2021-04-09 10:48:02,206 INFO Connection check task end

2021-04-09 10:48:06,640 INFO Connection check task start

2021-04-09 10:48:08,102 INFO Total count =0, sdkCount=0,clusterCount=0, currentLimit=-1, toExpelCount=0

2021-04-09 10:48:10,384 INFO Check over limit for ip limit rule, over limit ip count=0

2021-04-09 10:48:12,735 INFO Out dated connection ,size=0

2021-04-09 10:48:13,226 INFO Connection check task end

2021-04-09 10:48:17,840 INFO Connection check task start

2021-04-09 10:48:18,671 INFO Total count =0, sdkCount=0,clusterCount=0, currentLimit=-1, toExpelCount=0

2021-04-09 10:48:20,167 INFO Check over limit for ip limit rule, over limit ip count=0

2021-04-09 10:48:21,690 INFO Out dated connection ,size=0

2021-04-09 10:48:23,837 INFO Connection check task end

2021-04-09 10:48:28,823 INFO Connection check task start

2021-04-09 10:48:31,852 INFO Total count =0, sdkCount=0,clusterCount=0, currentLimit=-1, toExpelCount=0

2021-04-09 10:48:35,269 INFO Check over limit for ip limit rule, over limit ip count=0

2021-04-09 10:48:39,792 INFO Out dated connection ,size=0

2021-04-09 10:48:43,124 INFO Connection check task end

2021-04-09 10:48:47,302 INFO Connection check task start

2021-04-09 10:48:50,387 INFO Total count =0, sdkCount=0,clusterCount=0, currentLimit=-1, toExpelCount=0

2021-04-09 10:48:52,740 INFO Check over limit for ip limit rule, over limit ip count=0

2021-04-09 10:48:54,342 INFO Out dated connection ,size=0

2021-04-09 10:48:55,719 INFO Connection check task end

2021-04-09 10:49:00,968 INFO Connection check task start

2021-04-09 10:49:04,012 INFO Total count =0, sdkCount=0,clusterCount=0, currentLimit=-1, toExpelCount=0

2021-04-09 10:49:06,937 INFO Check over limit for ip limit rule, over limit ip count=0

2021-04-09 10:49:10,523 INFO Out dated connection ,size=0

2021-04-09 10:49:12,699 INFO Connection check task end

2021-04-09 10:49:18,835 INFO Connection check task start

2021-04-09 10:49:21,430 INFO Total count =0, sdkCount=0,clusterCount=0, currentLimit=-1, toExpelCount=0

2021-04-09 10:49:28,283 INFO Check over limit for ip limit rule, over limit ip count=0

2021-04-09 10:49:33,395 INFO Out dated connection ,size=0

2021-04-09 10:49:34,565 INFO Connection check task end

2021-04-09 10:49:40,466 INFO Connection check task start

2021-04-09 10:49:44,696 INFO Total count =0, sdkCount=0,clusterCount=0, currentLimit=-1, toExpelCount=0

2021-04-09 10:49:48,159 INFO Check over limit for ip limit rule, over limit ip count=0

2021-04-09 10:49:50,810 INFO Out dated connection ,size=0

2021-04-09 10:49:52,766 INFO Connection check task end

2021-04-09 10:49:57,747 INFO Connection check task start

2021-04-09 10:50:00,642 INFO Total count =0, sdkCount=0,clusterCount=0, currentLimit=-1, toExpelCount=0

2021-04-09 10:50:03,845 INFO Check over limit for ip limit rule, over limit ip count=0

2021-04-09 10:50:09,198 INFO Out dated connection ,size=0

2021-04-09 10:50:12,831 INFO Connection check task end

2021-04-09 10:50:18,004 INFO Connection check task start

2021-04-09 10:50:20,854 INFO Total count =0, sdkCount=0,clusterCount=0, currentLimit=-1, toExpelCount=0

2021-04-09 10:50:24,038 INFO Check over limit for ip limit rule, over limit ip count=0

2021-04-09 10:50:27,318 INFO Out dated connection ,size=0

2021-04-09 10:50:29,920 INFO Connection check task end

2021-04-09 10:50:36,044 INFO Connection check task start

2021-04-09 10:50:38,664 INFO Total count =0, sdkCount=0,clusterCount=0, currentLimit=-1, toExpelCount=0

2021-04-09 10:50:41,022 INFO Check over limit for ip limit rule, over limit ip count=0

2021-04-09 10:50:42,834 INFO Out dated connection ,size=0

2021-04-09 10:50:43,225 INFO Connection check task end

2021-04-09 10:50:47,884 INFO Connection check task start

2021-04-09 10:50:49,972 INFO Total count =0, sdkCount=0,clusterCount=0, currentLimit=-1, toExpelCount=0

2021-04-09 10:50:51,265 INFO Check over limit for ip limit rule, over limit ip count=0

2021-04-09 10:50:54,329 INFO Out dated connection ,size=0

2021-04-09 10:50:57,247 INFO Connection check task end

2021-04-09 10:51:03,649 INFO Connection check task start

2021-04-09 10:51:05,537 INFO Total count =0, sdkCount=0,clusterCount=0, currentLimit=-1, toExpelCount=0

2021-04-09 10:51:08,829 INFO Check over limit for ip limit rule, over limit ip count=0

2021-04-09 10:51:11,167 INFO Out dated connection ,size=0

2021-04-09 10:51:12,268 INFO Connection check task end

2021-04-09 10:51:16,249 INFO Connection check task start

2021-04-09 10:51:20,169 INFO Total count =0, sdkCount=0,clusterCount=0, currentLimit=-1, toExpelCount=0

2021-04-09 10:51:23,238 INFO Check over limit for ip limit rule, over limit ip count=0

2021-04-09 10:51:26,017 INFO Out dated connection ,size=0

2021-04-09 10:51:28,570 INFO Connection check task end

2021-04-09 10:51:40,081 INFO Connection check task start

2021-04-09 10:51:42,120 INFO Total count =0, sdkCount=0,clusterCount=0, currentLimit=-1, toExpelCount=0

2021-04-09 10:51:44,689 INFO Check over limit for ip limit rule, over limit ip count=0

2021-04-09 10:51:47,165 INFO Out dated connection ,size=0

2021-04-09 10:51:48,947 INFO Connection check task end

2021-04-09 10:51:53,712 INFO Connection check task start

2021-04-09 10:51:55,015 INFO Total count =0, sdkCount=0,clusterCount=0, currentLimit=-1, toExpelCount=0

2021-04-09 10:51:58,760 INFO Check over limit for ip limit rule, over limit ip count=0

2021-04-09 10:52:01,220 INFO Out dated connection ,size=0

2021-04-09 10:52:02,735 INFO Connection check task end

2021-04-09 10:52:07,046 INFO Connection check task start

2021-04-09 10:52:09,567 INFO Total count =0, sdkCount=0,clusterCount=0, currentLimit=-1, toExpelCount=0

2021-04-09 10:52:11,347 INFO Check over limit for ip limit rule, over limit ip count=0

2021-04-09 10:52:12,644 INFO Out dated connection ,size=0

2021-04-09 10:52:14,491 INFO Connection check task end

2021-04-09 10:52:18,125 INFO Connection check task start

2021-04-09 10:52:20,844 INFO Total count =0, sdkCount=0,clusterCount=0, currentLimit=-1, toExpelCount=0

2021-04-09 10:52:23,744 INFO Check over limit for ip limit rule, over limit ip count=0

2021-04-09 10:52:26,220 INFO Out dated connection ,size=0

2021-04-09 10:52:28,138 INFO Connection check task end

2021-04-09 10:56:25,775 INFO Connection check task start

2021-04-09 10:56:25,791 INFO Total count =0, sdkCount=0,clusterCount=0, currentLimit=-1, toExpelCount=0

2021-04-09 10:56:25,793 INFO Check over limit for ip limit rule, over limit ip count=0

2021-04-09 10:56:25,794 INFO Out dated connection ,size=0

2021-04-09 10:56:25,796 INFO Connection check task end

2021-04-09 10:56:28,799 INFO Connection check task start

2021-04-09 10:56:28,802 INFO Total count =0, sdkCount=0,clusterCount=0, currentLimit=-1, toExpelCount=0

2021-04-09 10:56:28,803 INFO Check over limit for ip limit rule, over limit ip count=0

2021-04-09 10:56:28,805 INFO Out dated connection ,size=0

2021-04-09 10:56:28,806 INFO Connection check task end

2021-04-09 10:56:31,807 INFO Connection check task start

2021-04-09 10:56:31,810 INFO Total count =0, sdkCount=0,clusterCount=0, currentLimit=-1, toExpelCount=0

2021-04-09 10:56:31,812 INFO Check over limit for ip limit rule, over limit ip count=0

2021-04-09 10:56:31,816 INFO Out dated connection ,size=0

2021-04-09 10:56:31,818 INFO Connection check task end

2021-04-09 10:56:34,822 INFO Connection check task start

2021-04-09 10:56:34,826 INFO Total count =0, sdkCount=0,clusterCount=0, currentLimit=-1, toExpelCount=0

2021-04-09 10:56:34,829 INFO Check over limit for ip limit rule, over limit ip count=0

2021-04-09 10:56:34,831 INFO Out dated connection ,size=0

2021-04-09 10:56:34,832 INFO Connection check task end

2021-04-09 10:56:37,837 INFO Connection check task start

2021-04-09 10:56:37,839 INFO Total count =0, sdkCount=0,clusterCount=0, currentLimit=-1, toExpelCount=0

2021-04-09 10:56:37,849 INFO Check over limit for ip limit rule, over limit ip count=0

2021-04-09 10:56:37,851 INFO Out dated connection ,size=0

2021-04-09 10:56:37,853 INFO Connection check task end

2021-04-09 10:56:40,857 INFO Connection check task start

2021-04-09 10:56:40,860 INFO Total count =0, sdkCount=0,clusterCount=0, currentLimit=-1, toExpelCount=0

2021-04-09 10:56:40,861 INFO Check over limit for ip limit rule, over limit ip count=0

2021-04-09 10:56:40,863 INFO Out dated connection ,size=0

2021-04-09 10:56:40,865 INFO Connection check task end

2021-04-09 10:56:43,833 INFO Connection check task start

2021-04-09 10:56:43,835 INFO Total count =0, sdkCount=0,clusterCount=0, currentLimit=-1, toExpelCount=0

2021-04-09 10:56:43,837 INFO Check over limit for ip limit rule, over limit ip count=0

2021-04-09 10:56:43,838 INFO Out dated connection ,size=0

2021-04-09 10:56:43,840 INFO Connection check task end

2021-04-09 10:56:46,842 INFO Connection check task start

2021-04-09 10:56:46,851 INFO Total count =0, sdkCount=0,clusterCount=0, currentLimit=-1, toExpelCount=0

2021-04-09 10:56:46,852 INFO Check over limit for ip limit rule, over limit ip count=0

2021-04-09 10:56:46,853 INFO Out dated connection ,size=0

2021-04-09 10:56:46,855 INFO Connection check task end

2021-04-09 10:56:49,861 INFO Connection check task start

2021-04-09 10:56:49,863 INFO Total count =0, sdkCount=0,clusterCount=0, currentLimit=-1, toExpelCount=0

2021-04-09 10:56:49,870 INFO Check over limit for ip limit rule, over limit ip count=0

2021-04-09 10:56:49,871 INFO Out dated connection ,size=0

2021-04-09 10:56:49,875 INFO Connection check task end

2021-04-09 10:56:52,878 INFO Connection check task start

2021-04-09 10:56:52,882 INFO Total count =0, sdkCount=0,clusterCount=0, currentLimit=-1, toExpelCount=0

2021-04-09 10:56:52,883 INFO Check over limit for ip limit rule, over limit ip count=0

2021-04-09 10:56:52,885 INFO Out dated connection ,size=0

2021-04-09 10:56:52,887 INFO Connection check task end

2021-04-09 10:56:55,893 INFO Connection check task start

2021-04-09 10:56:55,896 INFO Total count =0, sdkCount=0,clusterCount=0, currentLimit=-1, toExpelCount=0

2021-04-09 10:56:55,901 INFO Check over limit for ip limit rule, over limit ip count=0

2021-04-09 10:56:55,903 INFO Out dated connection ,size=0

2021-04-09 10:56:55,905 INFO Connection check task end

2021-04-09 10:56:58,907 INFO Connection check task start

2021-04-09 10:56:58,911 INFO Total count =0, sdkCount=0,clusterCount=0, currentLimit=-1, toExpelCount=0

2021-04-09 10:56:58,913 INFO Check over limit for ip limit rule, over limit ip count=0

2021-04-09 10:56:58,914 INFO Out dated connection ,size=0

2021-04-09 10:56:58,916 INFO Connection check task end

2021-04-09 10:57:01,919 INFO Connection check task start

2021-04-09 10:57:01,922 INFO Total count =0, sdkCount=0,clusterCount=0, currentLimit=-1, toExpelCount=0

2021-04-09 10:57:01,925 INFO Check over limit for ip limit rule, over limit ip count=0

2021-04-09 10:57:01,926 INFO Out dated connection ,size=0

2021-04-09 10:57:01,928 INFO Connection check task end

2021-04-09 10:57:04,930 INFO Connection check task start

2021-04-09 10:57:04,933 INFO Total count =0, sdkCount=0,clusterCount=0, currentLimit=-1, toExpelCount=0

2021-04-09 10:57:04,934 INFO Check over limit for ip limit rule, over limit ip count=0

2021-04-09 10:57:04,937 INFO Out dated connection ,size=0

2021-04-09 10:57:04,939 INFO Connection check task end

2021-04-09 10:57:07,941 INFO Connection check task start

2021-04-09 10:57:07,947 INFO Total count =0, sdkCount=0,clusterCount=0, currentLimit=-1, toExpelCount=0

2021-04-09 10:57:07,950 INFO Check over limit for ip limit rule, over limit ip count=0

2021-04-09 10:57:07,951 INFO Out dated connection ,size=0

2021-04-09 10:57:07,954 INFO Connection check task end

2021-04-09 10:57:10,956 INFO Connection check task start

2021-04-09 10:57:10,960 INFO Total count =0, sdkCount=0,clusterCount=0, currentLimit=-1, toExpelCount=0

2021-04-09 10:57:10,961 INFO Check over limit for ip limit rule, over limit ip count=0

2021-04-09 10:57:10,962 INFO Out dated connection ,size=0

2021-04-09 10:57:10,971 INFO Connection check task end

2021-04-09 10:57:13,940 INFO Connection check task start

2021-04-09 10:57:13,945 INFO Total count =0, sdkCount=0,clusterCount=0, currentLimit=-1, toExpelCount=0

2021-04-09 10:57:13,948 INFO Check over limit for ip limit rule, over limit ip count=0

2021-04-09 10:57:13,949 INFO Out dated connection ,size=0

2021-04-09 10:57:13,951 INFO Connection check task end

2021-04-09 10:57:16,955 INFO Connection check task start

2021-04-09 10:57:16,961 INFO Total count =0, sdkCount=0,clusterCount=0, currentLimit=-1, toExpelCount=0

2021-04-09 10:57:16,963 INFO Check over limit for ip limit rule, over limit ip count=0

2021-04-09 10:57:16,967 INFO Out dated connection ,size=0

2021-04-09 10:57:16,968 INFO Connection check task end

2021-04-09 10:57:19,971 INFO Connection check task start

2021-04-09 10:57:19,976 INFO Total count =0, sdkCount=0,clusterCount=0, currentLimit=-1, toExpelCount=0

2021-04-09 10:57:19,979 INFO Check over limit for ip limit rule, over limit ip count=0

2021-04-09 10:57:19,981 INFO Out dated connection ,size=0

2021-04-09 10:57:19,984 INFO Connection check task end

2021-04-09 10:57:22,986 INFO Connection check task start

2021-04-09 10:57:22,990 INFO Total count =0, sdkCount=0,clusterCount=0, currentLimit=-1, toExpelCount=0

2021-04-09 10:57:22,992 INFO Check over limit for ip limit rule, over limit ip count=0

2021-04-09 10:57:22,994 INFO Out dated connection ,size=0

2021-04-09 10:57:22,996 INFO Connection check task end

2021-04-09 10:57:25,999 INFO Connection check task start

2021-04-09 10:57:26,004 INFO Total count =0, sdkCount=0,clusterCount=0, currentLimit=-1, toExpelCount=0

2021-04-09 10:57:26,008 INFO Check over limit for ip limit rule, over limit ip count=0

2021-04-09 10:57:26,009 INFO Out dated connection ,size=0

2021-04-09 10:57:26,011 INFO Connection check task end

2021-04-09 10:57:29,014 INFO Connection check task start

2021-04-09 10:57:29,018 INFO Total count =0, sdkCount=0,clusterCount=0, currentLimit=-1, toExpelCount=0

2021-04-09 10:57:29,019 INFO Check over limit for ip limit rule, over limit ip count=0

2021-04-09 10:57:29,023 INFO Out dated connection ,size=0

2021-04-09 10:57:29,024 INFO Connection check task end

2021-04-09 10:57:32,031 INFO Connection check task start

2021-04-09 10:57:32,034 INFO Total count =0, sdkCount=0,clusterCount=0, currentLimit=-1, toExpelCount=0

2021-04-09 10:57:32,037 INFO Check over limit for ip limit rule, over limit ip count=0

2021-04-09 10:57:32,039 INFO Out dated connection ,size=0

2021-04-09 10:57:32,041 INFO Connection check task end

2021-04-09 10:57:35,043 INFO Connection check task start

2021-04-09 10:57:35,046 INFO Total count =0, sdkCount=0,clusterCount=0, currentLimit=-1, toExpelCount=0

2021-04-09 10:57:35,047 INFO Check over limit for ip limit rule, over limit ip count=0

2021-04-09 10:57:35,048 INFO Out dated connection ,size=0

2021-04-09 10:57:35,050 INFO Connection check task end

2021-04-09 10:57:38,054 INFO Connection check task start

2021-04-09 10:57:38,061 INFO Total count =0, sdkCount=0,clusterCount=0, currentLimit=-1, toExpelCount=0

2021-04-09 10:57:38,066 INFO Check over limit for ip limit rule, over limit ip count=0

2021-04-09 10:57:38,067 INFO Out dated connection ,size=0

2021-04-09 10:57:38,069 INFO Connection check task end

2021-04-09 10:57:41,070 INFO Connection check task start

2021-04-09 10:57:41,074 INFO Total count =0, sdkCount=0,clusterCount=0, currentLimit=-1, toExpelCount=0

2021-04-09 10:57:41,075 INFO Check over limit for ip limit rule, over limit ip count=0

2021-04-09 10:57:41,077 INFO Out dated connection ,size=0

2021-04-09 10:57:41,077 INFO Connection check task end

2021-04-09 10:57:44,045 INFO Connection check task start

2021-04-09 10:57:44,049 INFO Total count =0, sdkCount=0,clusterCount=0, currentLimit=-1, toExpelCount=0

2021-04-09 10:57:44,051 INFO Check over limit for ip limit rule, over limit ip count=0

2021-04-09 10:57:44,052 INFO Out dated connection ,size=0

2021-04-09 10:57:44,055 INFO Connection check task end

2021-04-09 10:57:47,057 INFO Connection check task start

2021-04-09 10:57:47,061 INFO Total count =0, sdkCount=0,clusterCount=0, currentLimit=-1, toExpelCount=0

2021-04-09 10:57:47,062 INFO Check over limit for ip limit rule, over limit ip count=0

2021-04-09 10:57:47,064 INFO Out dated connection ,size=0

2021-04-09 10:57:47,066 INFO Connection check task end

2021-04-09 10:57:50,070 INFO Connection check task start

2021-04-09 10:57:50,072 INFO Total count =0, sdkCount=0,clusterCount=0, currentLimit=-1, toExpelCount=0

2021-04-09 10:57:50,075 INFO Check over limit for ip limit rule, over limit ip count=0

2021-04-09 10:57:50,076 INFO Out dated connection ,size=0

2021-04-09 10:57:50,079 INFO Connection check task end

2021-04-09 10:57:53,080 INFO Connection check task start

2021-04-09 10:57:53,083 INFO Total count =0, sdkCount=0,clusterCount=0, currentLimit=-1, toExpelCount=0

2021-04-09 10:57:53,085 INFO Check over limit for ip limit rule, over limit ip count=0

2021-04-09 10:57:53,088 INFO Out dated connection ,size=0

2021-04-09 10:57:53,089 INFO Connection check task end

2021-04-09 10:57:56,091 INFO Connection check task start

2021-04-09 10:57:56,112 INFO Total count =0, sdkCount=0,clusterCount=0, currentLimit=-1, toExpelCount=0

2021-04-09 10:57:56,121 INFO Check over limit for ip limit rule, over limit ip count=0

2021-04-09 10:57:56,124 INFO Out dated connection ,size=0

2021-04-09 10:57:56,132 INFO Connection check task end

2021-04-09 10:57:59,137 INFO Connection check task start

2021-04-09 10:57:59,140 INFO Total count =0, sdkCount=0,clusterCount=0, currentLimit=-1, toExpelCount=0

2021-04-09 10:57:59,141 INFO Check over limit for ip limit rule, over limit ip count=0

2021-04-09 10:57:59,143 INFO Out dated connection ,size=0

2021-04-09 10:57:59,144 INFO Connection check task end

2021-04-09 10:58:02,147 INFO Connection check task start

2021-04-09 10:58:02,149 INFO Total count =0, sdkCount=0,clusterCount=0, currentLimit=-1, toExpelCount=0

2021-04-09 10:58:02,151 INFO Check over limit for ip limit rule, over limit ip count=0

2021-04-09 10:58:02,152 INFO Out dated connection ,size=0

2021-04-09 10:58:02,155 INFO Connection check task end

2021-04-09 10:58:05,156 INFO Connection check task start

2021-04-09 10:58:05,160 INFO Total count =0, sdkCount=0,clusterCount=0, currentLimit=-1, toExpelCount=0

2021-04-09 10:58:05,161 INFO Check over limit for ip limit rule, over limit ip count=0

2021-04-09 10:58:05,164 INFO Out dated connection ,size=0

2021-04-09 10:58:05,165 INFO Connection check task end

2021-04-09 10:58:08,167 INFO Connection check task start

2021-04-09 10:58:08,171 INFO Total count =0, sdkCount=0,clusterCount=0, currentLimit=-1, toExpelCount=0

2021-04-09 10:58:08,174 INFO Check over limit for ip limit rule, over limit ip count=0

2021-04-09 10:58:08,176 INFO Out dated connection ,size=0

2021-04-09 10:58:08,178 INFO Connection check task end

2021-04-09 10:58:11,180 INFO Connection check task start

2021-04-09 10:58:11,185 INFO Total count =0, sdkCount=0,clusterCount=0, currentLimit=-1, toExpelCount=0

2021-04-09 10:58:11,186 INFO Check over limit for ip limit rule, over limit ip count=0

2021-04-09 10:58:11,188 INFO Out dated connection ,size=0

2021-04-09 10:58:11,189 INFO Connection check task end

2021-04-09 10:58:14,157 INFO Connection check task start

2021-04-09 10:58:14,161 INFO Total count =0, sdkCount=0,clusterCount=0, currentLimit=-1, toExpelCount=0

2021-04-09 10:58:14,163 INFO Check over limit for ip limit rule, over limit ip count=0

2021-04-09 10:58:14,165 INFO Out dated connection ,size=0

2021-04-09 10:58:14,169 INFO Connection check task end

2021-04-09 10:58:17,170 INFO Connection check task start

2021-04-09 10:58:17,175 INFO Total count =0, sdkCount=0,clusterCount=0, currentLimit=-1, toExpelCount=0

2021-04-09 10:58:17,175 INFO Check over limit for ip limit rule, over limit ip count=0

2021-04-09 10:58:17,177 INFO Out dated connection ,size=0

2021-04-09 10:58:17,178 INFO Connection check task end

2021-04-09 10:58:20,181 INFO Connection check task start

2021-04-09 10:58:20,184 INFO Total count =0, sdkCount=0,clusterCount=0, currentLimit=-1, toExpelCount=0

2021-04-09 10:58:20,186 INFO Check over limit for ip limit rule, over limit ip count=0

2021-04-09 10:58:20,188 INFO Out dated connection ,size=0

2021-04-09 10:58:20,190 INFO Connection check task end

2021-04-09 10:58:23,194 INFO Connection check task start

2021-04-09 10:58:23,198 INFO Total count =0, sdkCount=0,clusterCount=0, currentLimit=-1, toExpelCount=0

2021-04-09 10:58:23,199 INFO Check over limit for ip limit rule, over limit ip count=0

2021-04-09 10:58:23,200 INFO Out dated connection ,size=0

2021-04-09 10:58:23,202 INFO Connection check task end

2021-04-09 10:58:26,207 INFO Connection check task start

2021-04-09 10:58:26,213 INFO Total count =0, sdkCount=0,clusterCount=0, currentLimit=-1, toExpelCount=0

2021-04-09 10:58:26,218 INFO Check over limit for ip limit rule, over limit ip count=0

2021-04-09 10:58:26,219 INFO Out dated connection ,size=0

2021-04-09 10:58:26,221 INFO Connection check task end

2021-04-09 10:58:29,224 INFO Connection check task start

2021-04-09 10:58:29,227 INFO Total count =0, sdkCount=0,clusterCount=0, currentLimit=-1, toExpelCount=0

2021-04-09 10:58:29,228 INFO Check over limit for ip limit rule, over limit ip count=0

2021-04-09 10:58:29,230 INFO Out dated connection ,size=0

2021-04-09 10:58:29,232 INFO Connection check task end

2021-04-09 10:58:32,234 INFO Connection check task start

2021-04-09 10:58:32,238 INFO Total count =0, sdkCount=0,clusterCount=0, currentLimit=-1, toExpelCount=0

2021-04-09 10:58:32,241 INFO Check over limit for ip limit rule, over limit ip count=0

2021-04-09 10:58:32,242 INFO Out dated connection ,size=0

2021-04-09 10:58:32,244 INFO Connection check task end

2021-04-09 10:58:35,245 INFO Connection check task start

2021-04-09 10:58:35,249 INFO Total count =0, sdkCount=0,clusterCount=0, currentLimit=-1, toExpelCount=0

2021-04-09 10:58:35,251 INFO Check over limit for ip limit rule, over limit ip count=0

2021-04-09 10:58:35,252 INFO Out dated connection ,size=0

2021-04-09 10:58:35,253 INFO Connection check task end

2021-04-09 10:58:38,262 INFO Connection check task start

2021-04-09 10:58:38,266 INFO Total count =0, sdkCount=0,clusterCount=0, currentLimit=-1, toExpelCount=0

2021-04-09 10:58:38,271 INFO Check over limit for ip limit rule, over limit ip count=0

2021-04-09 10:58:38,272 INFO Out dated connection ,size=0

2021-04-09 10:58:38,274 INFO Connection check task end

2021-04-09 10:58:41,276 INFO Connection check task start

2021-04-09 10:58:41,280 INFO Total count =0, sdkCount=0,clusterCount=0, currentLimit=-1, toExpelCount=0

2021-04-09 10:58:41,282 INFO Check over limit for ip limit rule, over limit ip count=0

2021-04-09 10:58:41,285 INFO Out dated connection ,size=0

2021-04-09 10:58:41,287 INFO Connection check task end

2021-04-09 10:58:44,255 INFO Connection check task start

2021-04-09 10:58:44,258 INFO Total count =0, sdkCount=0,clusterCount=0, currentLimit=-1, toExpelCount=0

2021-04-09 10:58:44,261 INFO Check over limit for ip limit rule, over limit ip count=0

2021-04-09 10:58:44,263 INFO Out dated connection ,size=0

2021-04-09 10:58:44,265 INFO Connection check task end

2021-04-09 10:58:47,270 INFO Connection check task start

2021-04-09 10:58:47,273 INFO Total count =0, sdkCount=0,clusterCount=0, currentLimit=-1, toExpelCount=0

2021-04-09 10:58:47,274 INFO Check over limit for ip limit rule, over limit ip count=0

2021-04-09 10:58:47,276 INFO Out dated connection ,size=0

2021-04-09 10:58:47,277 INFO Connection check task end

2021-04-09 10:58:50,280 INFO Connection check task start

2021-04-09 10:58:50,283 INFO Total count =0, sdkCount=0,clusterCount=0, currentLimit=-1, toExpelCount=0

2021-04-09 10:58:50,285 INFO Check over limit for ip limit rule, over limit ip count=0

2021-04-09 10:58:50,287 INFO Out dated connection ,size=0

2021-04-09 10:58:50,290 INFO Connection check task end

2021-04-09 10:58:53,292 INFO Connection check task start

2021-04-09 10:58:53,294 INFO Total count =0, sdkCount=0,clusterCount=0, currentLimit=-1, toExpelCount=0

2021-04-09 10:58:53,295 INFO Check over limit for ip limit rule, over limit ip count=0

2021-04-09 10:58:53,298 INFO Out dated connection ,size=0

2021-04-09 10:58:53,299 INFO Connection check task end

2021-04-09 10:58:56,302 INFO Connection check task start

2021-04-09 10:58:56,306 INFO Total count =0, sdkCount=0,clusterCount=0, currentLimit=-1, toExpelCount=0

2021-04-09 10:58:56,308 INFO Check over limit for ip limit rule, over limit ip count=0

2021-04-09 10:58:56,309 INFO Out dated connection ,size=0

2021-04-09 10:58:56,312 INFO Connection check task end

2021-04-09 10:58:59,313 INFO Connection check task start

2021-04-09 10:58:59,316 INFO Total count =0, sdkCount=0,clusterCount=0, currentLimit=-1, toExpelCount=0

2021-04-09 10:58:59,318 INFO Check over limit for ip limit rule, over limit ip count=0

2021-04-09 10:58:59,320 INFO Out dated connection ,size=0

2021-04-09 10:58:59,321 INFO Connection check task end

2021-04-09 10:59:02,324 INFO Connection check task start

2021-04-09 10:59:02,340 INFO Total count =0, sdkCount=0,clusterCount=0, currentLimit=-1, toExpelCount=0

2021-04-09 10:59:02,344 INFO Check over limit for ip limit rule, over limit ip count=0

2021-04-09 10:59:02,348 INFO Out dated connection ,size=0

2021-04-09 10:59:02,351 INFO Connection check task end

2021-04-09 10:59:05,356 INFO Connection check task start

2021-04-09 10:59:05,360 INFO Total count =0, sdkCount=0,clusterCount=0, currentLimit=-1, toExpelCount=0

2021-04-09 10:59:05,362 INFO Check over limit for ip limit rule, over limit ip count=0

2021-04-09 10:59:05,364 INFO Out dated connection ,size=0

2021-04-09 10:59:05,365 INFO Connection check task end

2021-04-09 10:59:08,371 INFO Connection check task start

2021-04-09 10:59:08,375 INFO Total count =0, sdkCount=0,clusterCount=0, currentLimit=-1, toExpelCount=0

2021-04-09 10:59:08,378 INFO Check over limit for ip limit rule, over limit ip count=0

2021-04-09 10:59:08,379 INFO Out dated connection ,size=0

2021-04-09 10:59:08,381 INFO Connection check task end

2021-04-09 10:59:11,383 INFO Connection check task start

2021-04-09 10:59:11,387 INFO Total count =0, sdkCount=0,clusterCount=0, currentLimit=-1, toExpelCount=0

2021-04-09 10:59:11,390 INFO Check over limit for ip limit rule, over limit ip count=0

2021-04-09 10:59:11,392 INFO Out dated connection ,size=0

2021-04-09 10:59:11,393 INFO Connection check task end

2021-04-09 10:59:14,365 INFO Connection check task start

2021-04-09 10:59:14,368 INFO Total count =0, sdkCount=0,clusterCount=0, currentLimit=-1, toExpelCount=0

2021-04-09 10:59:14,371 INFO Check over limit for ip limit rule, over limit ip count=0

2021-04-09 10:59:14,372 INFO Out dated connection ,size=0

2021-04-09 10:59:14,375 INFO Connection check task end

2021-04-09 10:59:17,377 INFO Connection check task start

2021-04-09 10:59:17,380 INFO Total count =0, sdkCount=0,clusterCount=0, currentLimit=-1, toExpelCount=0

2021-04-09 10:59:17,382 INFO Check over limit for ip limit rule, over limit ip count=0

2021-04-09 10:59:17,384 INFO Out dated connection ,size=0

2021-04-09 10:59:17,385 INFO Connection check task end

2021-04-09 10:59:20,390 INFO Connection check task start

2021-04-09 10:59:20,392 INFO Total count =0, sdkCount=0,clusterCount=0, currentLimit=-1, toExpelCount=0

2021-04-09 10:59:20,394 INFO Check over limit for ip limit rule, over limit ip count=0

2021-04-09 10:59:20,395 INFO Out dated connection ,size=0

2021-04-09 10:59:20,396 INFO Connection check task end

2021-04-09 10:59:23,399 INFO Connection check task start

2021-04-09 10:59:23,404 INFO Total count =0, sdkCount=0,clusterCount=0, currentLimit=-1, toExpelCount=0

2021-04-09 10:59:23,405 INFO Check over limit for ip limit rule, over limit ip count=0

2021-04-09 10:59:23,407 INFO Out dated connection ,size=0

2021-04-09 10:59:23,408 INFO Connection check task end

2021-04-09 10:59:26,410 INFO Connection check task start

2021-04-09 10:59:26,414 INFO Total count =0, sdkCount=0,clusterCount=0, currentLimit=-1, toExpelCount=0

2021-04-09 10:59:26,416 INFO Check over limit for ip limit rule, over limit ip count=0

2021-04-09 10:59:26,417 INFO Out dated connection ,size=0

2021-04-09 10:59:26,419 INFO Connection check task end

2021-04-09 10:59:29,422 INFO Connection check task start

2021-04-09 10:59:29,434 INFO Total count =0, sdkCount=0,clusterCount=0, currentLimit=-1, toExpelCount=0

2021-04-09 10:59:29,438 INFO Check over limit for ip limit rule, over limit ip count=0

2021-04-09 10:59:29,440 INFO Out dated connection ,size=0

2021-04-09 10:59:29,441 INFO Connection check task end

2021-04-09 10:59:32,448 INFO Connection check task start

2021-04-09 10:59:32,451 INFO Total count =0, sdkCount=0,clusterCount=0, currentLimit=-1, toExpelCount=0

2021-04-09 10:59:32,453 INFO Check over limit for ip limit rule, over limit ip count=0

2021-04-09 10:59:32,454 INFO Out dated connection ,size=0

2021-04-09 10:59:32,456 INFO Connection check task end

2021-04-09 10:59:35,461 INFO Connection check task start

2021-04-09 10:59:35,465 INFO Total count =0, sdkCount=0,clusterCount=0, currentLimit=-1, toExpelCount=0

2021-04-09 10:59:35,467 INFO Check over limit for ip limit rule, over limit ip count=0

2021-04-09 10:59:35,468 INFO Out dated connection ,size=0

2021-04-09 10:59:35,470 INFO Connection check task end

2021-04-09 10:59:38,473 INFO Connection check task start

2021-04-09 10:59:38,476 INFO Total count =0, sdkCount=0,clusterCount=0, currentLimit=-1, toExpelCount=0

2021-04-09 10:59:38,480 INFO Check over limit for ip limit rule, over limit ip count=0

2021-04-09 10:59:38,481 INFO Out dated connection ,size=0

2021-04-09 10:59:38,483 INFO Connection check task end

2021-04-09 10:59:41,488 INFO Connection check task start

2021-04-09 10:59:41,492 INFO Total count =0, sdkCount=0,clusterCount=0, currentLimit=-1, toExpelCount=0

2021-04-09 10:59:41,494 INFO Check over limit for ip limit rule, over limit ip count=0

2021-04-09 10:59:41,497 INFO Out dated connection ,size=0

2021-04-09 10:59:41,498 INFO Connection check task end

2021-04-09 10:59:44,465 INFO Connection check task start

2021-04-09 10:59:44,467 INFO Total count =0, sdkCount=0,clusterCount=0, currentLimit=-1, toExpelCount=0

2021-04-09 10:59:44,468 INFO Check over limit for ip limit rule, over limit ip count=0

2021-04-09 10:59:44,470 INFO Out dated connection ,size=0

2021-04-09 10:59:44,472 INFO Connection check task end

2021-04-09 10:59:47,473 INFO Connection check task start

2021-04-09 10:59:47,476 INFO Total count =0, sdkCount=0,clusterCount=0, currentLimit=-1, toExpelCount=0

2021-04-09 10:59:47,477 INFO Check over limit for ip limit rule, over limit ip count=0

2021-04-09 10:59:47,478 INFO Out dated connection ,size=0

2021-04-09 10:59:47,479 INFO Connection check task end

2021-04-09 10:59:50,486 INFO Connection check task start

2021-04-09 10:59:50,489 INFO Total count =0, sdkCount=0,clusterCount=0, currentLimit=-1, toExpelCount=0

2021-04-09 10:59:50,492 INFO Check over limit for ip limit rule, over limit ip count=0

2021-04-09 10:59:50,493 INFO Out dated connection ,size=0

2021-04-09 10:59:50,496 INFO Connection check task end

2021-04-09 10:59:53,498 INFO Connection check task start

2021-04-09 10:59:53,502 INFO Total count =0, sdkCount=0,clusterCount=0, currentLimit=-1, toExpelCount=0

2021-04-09 10:59:53,504 INFO Check over limit for ip limit rule, over limit ip count=0

2021-04-09 10:59:53,506 INFO Out dated connection ,size=0

2021-04-09 10:59:53,507 INFO Connection check task end

2021-04-09 10:59:56,512 INFO Connection check task start

2021-04-09 10:59:56,516 INFO Total count =0, sdkCount=0,clusterCount=0, currentLimit=-1, toExpelCount=0

2021-04-09 10:59:56,518 INFO Check over limit for ip limit rule, over limit ip count=0

2021-04-09 10:59:56,520 INFO Out dated connection ,size=0

2021-04-09 10:59:56,522 INFO Connection check task end

2021-04-09 10:59:59,524 INFO Connection check task start

2021-04-09 10:59:59,526 INFO Total count =0, sdkCount=0,clusterCount=0, currentLimit=-1, toExpelCount=0

2021-04-09 10:59:59,527 INFO Check over limit for ip limit rule, over limit ip count=0

2021-04-09 10:59:59,528 INFO Out dated connection ,size=0

2021-04-09 10:59:59,529 INFO Connection check task end

2021-04-09 11:00:02,532 INFO Connection check task start

2021-04-09 11:00:02,535 INFO Total count =0, sdkCount=0,clusterCount=0, currentLimit=-1, toExpelCount=0

2021-04-09 11:00:02,537 INFO Check over limit for ip limit rule, over limit ip count=0

2021-04-09 11:00:02,537 INFO Out dated connection ,size=0

2021-04-09 11:00:02,539 INFO Connection check task end

2021-04-09 11:00:05,540 INFO Connection check task start

2021-04-09 11:00:05,545 INFO Total count =0, sdkCount=0,clusterCount=0, currentLimit=-1, toExpelCount=0

2021-04-09 11:00:05,546 INFO Check over limit for ip limit rule, over limit ip count=0

2021-04-09 11:00:05,549 INFO Out dated connection ,size=0

2021-04-09 11:00:05,551 INFO Connection check task end

2021-04-09 11:00:08,555 INFO Connection check task start

2021-04-09 11:00:08,559 INFO Total count =0, sdkCount=0,clusterCount=0, currentLimit=-1, toExpelCount=0

2021-04-09 11:00:08,562 INFO Check over limit for ip limit rule, over limit ip count=0

2021-04-09 11:00:08,564 INFO Out dated connection ,size=0

2021-04-09 11:00:08,566 INFO Connection check task end

2021-04-09 11:00:11,568 INFO Connection check task start

2021-04-09 11:00:11,571 INFO Total count =0, sdkCount=0,clusterCount=0, currentLimit=-1, toExpelCount=0

2021-04-09 11:00:11,572 INFO Check over limit for ip limit rule, over limit ip count=0

2021-04-09 11:00:11,573 INFO Out dated connection ,size=0

2021-04-09 11:00:11,574 INFO Connection check task end

2021-04-09 11:00:14,542 INFO Connection check task start

2021-04-09 11:00:14,545 INFO Total count =0, sdkCount=0,clusterCount=0, currentLimit=-1, toExpelCount=0

2021-04-09 11:00:14,548 INFO Check over limit for ip limit rule, over limit ip count=0

2021-04-09 11:00:14,549 INFO Out dated connection ,size=0

2021-04-09 11:00:14,550 INFO Connection check task end

2021-04-09 11:00:17,555 INFO Connection check task start

2021-04-09 11:00:17,558 INFO Total count =0, sdkCount=0,clusterCount=0, currentLimit=-1, toExpelCount=0

2021-04-09 11:00:17,560 INFO Check over limit for ip limit rule, over limit ip count=0

2021-04-09 11:00:17,562 INFO Out dated connection ,size=0

2021-04-09 11:00:17,562 INFO Connection check task end

2021-04-09 11:00:20,565 INFO Connection check task start

2021-04-09 11:00:20,568 INFO Total count =0, sdkCount=0,clusterCount=0, currentLimit=-1, toExpelCount=0

2021-04-09 11:00:20,570 INFO Check over limit for ip limit rule, over limit ip count=0

2021-04-09 11:00:20,572 INFO Out dated connection ,size=0

2021-04-09 11:00:20,573 INFO Connection check task end

2021-04-09 11:00:23,575 INFO Connection check task start

2021-04-09 11:00:23,581 INFO Total count =0, sdkCount=0,clusterCount=0, currentLimit=-1, toExpelCount=0

2021-04-09 11:00:23,584 INFO Check over limit for ip limit rule, over limit ip count=0

2021-04-09 11:00:23,585 INFO Out dated connection ,size=0

2021-04-09 11:00:23,587 INFO Connection check task end

2021-04-09 11:00:26,590 INFO Connection check task start

2021-04-09 11:00:26,594 INFO Total count =0, sdkCount=0,clusterCount=0, currentLimit=-1, toExpelCount=0

2021-04-09 11:00:26,596 INFO Check over limit for ip limit rule, over limit ip count=0

2021-04-09 11:00:26,597 INFO Out dated connection ,size=0

2021-04-09 11:00:26,600 INFO Connection check task end

2021-04-09 11:00:29,602 INFO Connection check task start

2021-04-09 11:00:29,606 INFO Total count =0, sdkCount=0,clusterCount=0, currentLimit=-1, toExpelCount=0

2021-04-09 11:00:29,608 INFO Check over limit for ip limit rule, over limit ip count=0

2021-04-09 11:00:29,611 INFO Out dated connection ,size=0

2021-04-09 11:00:29,612 INFO Connection check task end

2021-04-09 11:00:32,613 INFO Connection check task start

2021-04-09 11:00:32,617 INFO Total count =0, sdkCount=0,clusterCount=0, currentLimit=-1, toExpelCount=0

2021-04-09 11:00:32,619 INFO Check over limit for ip limit rule, over limit ip count=0

2021-04-09 11:00:32,620 INFO Out dated connection ,size=0

2021-04-09 11:00:32,623 INFO Connection check task end

2021-04-09 11:00:35,624 INFO Connection check task start

2021-04-09 11:00:35,626 INFO Total count =0, sdkCount=0,clusterCount=0, currentLimit=-1, toExpelCount=0

2021-04-09 11:00:35,629 INFO Check over limit for ip limit rule, over limit ip count=0

2021-04-09 11:00:35,630 INFO Out dated connection ,size=0

2021-04-09 11:00:35,631 INFO Connection check task end

2021-04-09 11:00:38,634 INFO Connection check task start

2021-04-09 11:00:38,638 INFO Total count =0, sdkCount=0,clusterCount=0, currentLimit=-1, toExpelCount=0

2021-04-09 11:00:38,641 INFO Check over limit for ip limit rule, over limit ip count=0

2021-04-09 11:00:38,642 INFO Out dated connection ,size=0

2021-04-09 11:00:38,645 INFO Connection check task end

2021-04-09 11:00:41,648 INFO Connection check task start

2021-04-09 11:00:41,652 INFO Total count =0, sdkCount=0,clusterCount=0, currentLimit=-1, toExpelCount=0

2021-04-09 11:00:41,653 INFO Check over limit for ip limit rule, over limit ip count=0

2021-04-09 11:00:41,655 INFO Out dated connection ,size=0

2021-04-09 11:00:41,656 INFO Connection check task end

2021-04-09 11:00:44,624 INFO Connection check task start

2021-04-09 11:00:44,628 INFO Total count =0, sdkCount=0,clusterCount=0, currentLimit=-1, toExpelCount=0

2021-04-09 11:00:44,631 INFO Check over limit for ip limit rule, over limit ip count=0

2021-04-09 11:00:44,632 INFO Out dated connection ,size=0

2021-04-09 11:00:44,635 INFO Connection check task end

2021-04-09 11:00:47,639 INFO Connection check task start

2021-04-09 11:00:47,645 INFO Total count =0, sdkCount=0,clusterCount=0, currentLimit=-1, toExpelCount=0

2021-04-09 11:00:47,646 INFO Check over limit for ip limit rule, over limit ip count=0

2021-04-09 11:00:47,648 INFO Out dated connection ,size=0

2021-04-09 11:00:47,649 INFO Connection check task end

2021-04-09 11:00:50,662 INFO Connection check task start

2021-04-09 11:00:50,665 INFO Total count =0, sdkCount=0,clusterCount=0, currentLimit=-1, toExpelCount=0

2021-04-09 11:00:50,667 INFO Check over limit for ip limit rule, over limit ip count=0

2021-04-09 11:00:50,668 INFO Out dated connection ,size=0

2021-04-09 11:00:50,671 INFO Connection check task end

2021-04-09 11:00:53,674 INFO Connection check task start

2021-04-09 11:00:53,677 INFO Total count =0, sdkCount=0,clusterCount=0, currentLimit=-1, toExpelCount=0

2021-04-09 11:00:53,679 INFO Check over limit for ip limit rule, over limit ip count=0

2021-04-09 11:00:53,681 INFO Out dated connection ,size=0

2021-04-09 11:00:53,683 INFO Connection check task end

2021-04-09 11:00:56,689 INFO Connection check task start

2021-04-09 11:00:56,693 INFO Total count =0, sdkCount=0,clusterCount=0, currentLimit=-1, toExpelCount=0

2021-04-09 11:00:56,695 INFO Check over limit for ip limit rule, over limit ip count=0

2021-04-09 11:00:56,696 INFO Out dated connection ,size=0

2021-04-09 11:00:56,699 INFO Connection check task end

2021-04-09 11:00:59,702 INFO Connection check task start

2021-04-09 11:00:59,707 INFO Total count =0, sdkCount=0,clusterCount=0, currentLimit=-1, toExpelCount=0

2021-04-09 11:00:59,708 INFO Check over limit for ip limit rule, over limit ip count=0

2021-04-09 11:00:59,709 INFO Out dated connection ,size=0

2021-04-09 11:00:59,710 INFO Connection check task end

2021-04-09 11:01:02,714 INFO Connection check task start

2021-04-09 11:01:02,718 INFO Total count =0, sdkCount=0,clusterCount=0, currentLimit=-1, toExpelCount=0

2021-04-09 11:01:02,721 INFO Check over limit for ip limit rule, over limit ip count=0

2021-04-09 11:01:02,722 INFO Out dated connection ,size=0

2021-04-09 11:01:02,725 INFO Connection check task end

2021-04-09 11:01:05,727 INFO Connection check task start

2021-04-09 11:01:05,730 INFO Total count =0, sdkCount=0,clusterCount=0, currentLimit=-1, toExpelCount=0

2021-04-09 11:01:05,731 INFO Check over limit for ip limit rule, over limit ip count=0

2021-04-09 11:01:05,734 INFO Out dated connection ,size=0

2021-04-09 11:01:05,735 INFO Connection check task end

2021-04-09 11:01:08,739 INFO Connection check task start

2021-04-09 11:01:08,744 INFO Total count =0, sdkCount=0,clusterCount=0, currentLimit=-1, toExpelCount=0

2021-04-09 11:01:08,746 INFO Check over limit for ip limit rule, over limit ip count=0

2021-04-09 11:01:08,752 INFO Out dated connection ,size=0

2021-04-09 11:01:08,754 INFO Connection check task end

2021-04-09 11:01:11,756 INFO Connection check task start

2021-04-09 11:01:11,760 INFO Total count =0, sdkCount=0,clusterCount=0, currentLimit=-1, toExpelCount=0

2021-04-09 11:01:11,761 INFO Check over limit for ip limit rule, over limit ip count=0

2021-04-09 11:01:11,762 INFO Out dated connection ,size=0

2021-04-09 11:01:11,762 INFO Connection check task end

2021-04-09 11:01:14,733 INFO Connection check task start

2021-04-09 11:01:14,737 INFO Total count =0, sdkCount=0,clusterCount=0, currentLimit=-1, toExpelCount=0

2021-04-09 11:01:14,739 INFO Check over limit for ip limit rule, over limit ip count=0

2021-04-09 11:01:14,741 INFO Out dated connection ,size=0

2021-04-09 11:01:14,743 INFO Connection check task end

2021-04-09 11:01:17,745 INFO Connection check task start

2021-04-09 11:01:17,749 INFO Total count =0, sdkCount=0,clusterCount=0, currentLimit=-1, toExpelCount=0

2021-04-09 11:01:17,751 INFO Check over limit for ip limit rule, over limit ip count=0

2021-04-09 11:01:17,755 INFO Out dated connection ,size=0

2021-04-09 11:01:17,756 INFO Connection check task end

2021-04-09 11:01:20,758 INFO Connection check task start

2021-04-09 11:01:20,760 INFO Total count =0, sdkCount=0,clusterCount=0, currentLimit=-1, toExpelCount=0

2021-04-09 11:01:20,762 INFO Check over limit for ip limit rule, over limit ip count=0

2021-04-09 11:01:20,763 INFO Out dated connection ,size=0

2021-04-09 11:01:20,764 INFO Connection check task end

2021-04-09 11:01:23,766 INFO Connection check task start

2021-04-09 11:01:23,771 INFO Total count =0, sdkCount=0,clusterCount=0, currentLimit=-1, toExpelCount=0

2021-04-09 11:01:23,772 INFO Check over limit for ip limit rule, over limit ip count=0

2021-04-09 11:01:23,773 INFO Out dated connection ,size=0

2021-04-09 11:01:23,774 INFO Connection check task end

2021-04-09 11:01:26,778 INFO Connection check task start

2021-04-09 11:01:26,781 INFO Total count =0, sdkCount=0,clusterCount=0, currentLimit=-1, toExpelCount=0

2021-04-09 11:01:26,783 INFO Check over limit for ip limit rule, over limit ip count=0

2021-04-09 11:01:26,784 INFO Out dated connection ,size=0

2021-04-09 11:01:26,786 INFO Connection check task end

2021-04-09 11:01:29,788 INFO Connection check task start

2021-04-09 11:01:29,797 INFO Total count =0, sdkCount=0,clusterCount=0, currentLimit=-1, toExpelCount=0

2021-04-09 11:01:29,807 INFO Check over limit for ip limit rule, over limit ip count=0

2021-04-09 11:01:29,810 INFO Out dated connection ,size=0

2021-04-09 11:01:29,811 INFO Connection check task end

2021-04-09 11:01:32,813 INFO Connection check task start

2021-04-09 11:01:32,817 INFO Total count =0, sdkCount=0,clusterCount=0, currentLimit=-1, toExpelCount=0

2021-04-09 11:01:32,819 INFO Check over limit for ip limit rule, over limit ip count=0

2021-04-09 11:01:32,820 INFO Out dated connection ,size=0

2021-04-09 11:01:32,822 INFO Connection check task end

2021-04-09 11:01:35,823 INFO Connection check task start

2021-04-09 11:01:35,833 INFO Total count =0, sdkCount=0,clusterCount=0, currentLimit=-1, toExpelCount=0

2021-04-09 11:01:35,841 INFO Check over limit for ip limit rule, over limit ip count=0

2021-04-09 11:01:35,844 INFO Out dated connection ,size=0

2021-04-09 11:01:35,846 INFO Connection check task end

2021-04-09 11:01:38,861 INFO Connection check task start

2021-04-09 11:01:38,864 INFO Total count =0, sdkCount=0,clusterCount=0, currentLimit=-1, toExpelCount=0

2021-04-09 11:01:38,865 INFO Check over limit for ip limit rule, over limit ip count=0

2021-04-09 11:01:38,866 INFO Out dated connection ,size=0

2021-04-09 11:01:38,868 INFO Connection check task end

2021-04-09 11:01:41,870 INFO Connection check task start

2021-04-09 11:01:41,872 INFO Total count =0, sdkCount=0,clusterCount=0, currentLimit=-1, toExpelCount=0

2021-04-09 11:01:41,873 INFO Check over limit for ip limit rule, over limit ip count=0

2021-04-09 11:01:41,874 INFO Out dated connection ,size=0

2021-04-09 11:01:41,875 INFO Connection check task end

2021-04-09 11:01:44,843 INFO Connection check task start

2021-04-09 11:01:44,847 INFO Total count =0, sdkCount=0,clusterCount=0, currentLimit=-1, toExpelCount=0

2021-04-09 11:01:44,849 INFO Check over limit for ip limit rule, over limit ip count=0

2021-04-09 11:01:44,850 INFO Out dated connection ,size=0

2021-04-09 11:01:44,854 INFO Connection check task end

2021-04-09 11:01:47,858 INFO Connection check task start

2021-04-09 11:01:47,862 INFO Total count =0, sdkCount=0,clusterCount=0, currentLimit=-1, toExpelCount=0

2021-04-09 11:01:47,863 INFO Check over limit for ip limit rule, over limit ip count=0

2021-04-09 11:01:47,864 INFO Out dated connection ,size=0

2021-04-09 11:01:47,865 INFO Connection check task end

2021-04-09 11:01:50,868 INFO Connection check task start

2021-04-09 11:01:50,872 INFO Total count =0, sdkCount=0,clusterCount=0, currentLimit=-1, toExpelCount=0

2021-04-09 11:01:50,874 INFO Check over limit for ip limit rule, over limit ip count=0

2021-04-09 11:01:50,875 INFO Out dated connection ,size=0

2021-04-09 11:01:50,877 INFO Connection check task end

2021-04-09 11:01:53,880 INFO Connection check task start

2021-04-09 11:01:53,884 INFO Total count =0, sdkCount=0,clusterCount=0, currentLimit=-1, toExpelCount=0

2021-04-09 11:01:53,885 INFO Check over limit for ip limit rule, over limit ip count=0

2021-04-09 11:01:53,888 INFO Out dated connection ,size=0

2021-04-09 11:01:53,889 INFO Connection check task end

2021-04-09 11:01:56,891 INFO Connection check task start

2021-04-09 11:01:56,894 INFO Total count =0, sdkCount=0,clusterCount=0, currentLimit=-1, toExpelCount=0

2021-04-09 11:01:56,896 INFO Check over limit for ip limit rule, over limit ip count=0

2021-04-09 11:01:56,897 INFO Out dated connection ,size=0

2021-04-09 11:01:56,899 INFO Connection check task end

2021-04-09 11:01:59,900 INFO Connection check task start

2021-04-09 11:01:59,904 INFO Total count =0, sdkCount=0,clusterCount=0, currentLimit=-1, toExpelCount=0

2021-04-09 11:01:59,905 INFO Check over limit for ip limit rule, over limit ip count=0

2021-04-09 11:01:59,906 INFO Out dated connection ,size=0

2021-04-09 11:01:59,908 INFO Connection check task end

2021-04-09 11:02:02,910 INFO Connection check task start

2021-04-09 11:02:02,915 INFO Total count =0, sdkCount=0,clusterCount=0, currentLimit=-1, toExpelCount=0

2021-04-09 11:02:02,918 INFO Check over limit for ip limit rule, over limit ip count=0

2021-04-09 11:02:02,920 INFO Out dated connection ,size=0

2021-04-09 11:02:02,923 INFO Connection check task end

2021-04-09 11:02:05,925 INFO Connection check task start

2021-04-09 11:02:05,930 INFO Total count =0, sdkCount=0,clusterCount=0, currentLimit=-1, toExpelCount=0

2021-04-09 11:02:05,932 INFO Check over limit for ip limit rule, over limit ip count=0

2021-04-09 11:02:05,935 INFO Out dated connection ,size=0

2021-04-09 11:02:05,937 INFO Connection check task end

2021-04-09 11:02:08,939 INFO Connection check task start

2021-04-09 11:02:08,942 INFO Total count =0, sdkCount=0,clusterCount=0, currentLimit=-1, toExpelCount=0

2021-04-09 11:02:08,945 INFO Check over limit for ip limit rule, over limit ip count=0

2021-04-09 11:02:08,947 INFO Out dated connection ,size=0

2021-04-09 11:02:08,949 INFO Connection check task end

2021-04-09 11:02:11,951 INFO Connection check task start

2021-04-09 11:02:11,953 INFO Total count =0, sdkCount=0,clusterCount=0, currentLimit=-1, toExpelCount=0

2021-04-09 11:02:11,954 INFO Check over limit for ip limit rule, over limit ip count=0

2021-04-09 11:02:11,955 INFO Out dated connection ,size=0

2021-04-09 11:02:11,957 INFO Connection check task end

2021-04-09 11:02:14,923 INFO Connection check task start

2021-04-09 11:02:14,925 INFO Total count =0, sdkCount=0,clusterCount=0, currentLimit=-1, toExpelCount=0

2021-04-09 11:02:14,928 INFO Check over limit for ip limit rule, over limit ip count=0

2021-04-09 11:02:14,929 INFO Out dated connection ,size=0

2021-04-09 11:02:14,931 INFO Connection check task end

2021-04-09 11:02:17,933 INFO Connection check task start

2021-04-09 11:02:17,938 INFO Total count =0, sdkCount=0,clusterCount=0, currentLimit=-1, toExpelCount=0

2021-04-09 11:02:17,939 INFO Check over limit for ip limit rule, over limit ip count=0

2021-04-09 11:02:17,941 INFO Out dated connection ,size=0

2021-04-09 11:02:17,941 INFO Connection check task end

2021-04-09 11:02:20,946 INFO Connection check task start

2021-04-09 11:02:20,982 INFO Total count =0, sdkCount=0,clusterCount=0, currentLimit=-1, toExpelCount=0

2021-04-09 11:02:20,986 INFO Check over limit for ip limit rule, over limit ip count=0

2021-04-09 11:02:20,987 INFO Out dated connection ,size=0

2021-04-09 11:02:20,989 INFO Connection check task end

2021-04-09 11:02:23,991 INFO Connection check task start

2021-04-09 11:02:23,994 INFO Total count =0, sdkCount=0,clusterCount=0, currentLimit=-1, toExpelCount=0

2021-04-09 11:02:23,995 INFO Check over limit for ip limit rule, over limit ip count=0

2021-04-09 11:02:23,996 INFO Out dated connection ,size=0

2021-04-09 11:02:23,998 INFO Connection check task end

2021-04-09 11:02:27,002 INFO Connection check task start

2021-04-09 11:02:27,008 INFO Total count =0, sdkCount=0,clusterCount=0, currentLimit=-1, toExpelCount=0

2021-04-09 11:02:27,011 INFO Check over limit for ip limit rule, over limit ip count=0

2021-04-09 11:02:27,012 INFO Out dated connection ,size=0

2021-04-09 11:02:27,015 INFO Connection check task end

2021-04-09 11:02:30,017 INFO Connection check task start

2021-04-09 11:02:30,020 INFO Total count =0, sdkCount=0,clusterCount=0, currentLimit=-1, toExpelCount=0

2021-04-09 11:02:30,022 INFO Check over limit for ip limit rule, over limit ip count=0

2021-04-09 11:02:30,025 INFO Out dated connection ,size=0

2021-04-09 11:02:30,027 INFO Connection check task end

2021-04-09 11:02:33,029 INFO Connection check task start

2021-04-09 11:02:33,032 INFO Total count =0, sdkCount=0,clusterCount=0, currentLimit=-1, toExpelCount=0

2021-04-09 11:02:33,035 INFO Check over limit for ip limit rule, over limit ip count=0

2021-04-09 11:02:33,036 INFO Out dated connection ,size=0

2021-04-09 11:02:33,039 INFO Connection check task end

2021-04-09 11:02:36,042 INFO Connection check task start

2021-04-09 11:02:36,045 INFO Total count =0, sdkCount=0,clusterCount=0, currentLimit=-1, toExpelCount=0

2021-04-09 11:02:36,049 INFO Check over limit for ip limit rule, over limit ip count=0

2021-04-09 11:02:36,050 INFO Out dated connection ,size=0

2021-04-09 11:02:36,051 INFO Connection check task end

2021-04-09 11:02:39,056 INFO Connection check task start

2021-04-09 11:02:39,061 INFO Total count =0, sdkCount=0,clusterCount=0, currentLimit=-1, toExpelCount=0

2021-04-09 11:02:39,063 INFO Check over limit for ip limit rule, over limit ip count=0

2021-04-09 11:02:39,064 INFO Out dated connection ,size=0

2021-04-09 11:02:39,066 INFO Connection check task end

2021-04-09 11:02:42,069 INFO Connection check task start

2021-04-09 11:02:42,081 INFO Total count =0, sdkCount=0,clusterCount=0, currentLimit=-1, toExpelCount=0

2021-04-09 11:02:42,084 INFO Check over limit for ip limit rule, over limit ip count=0

2021-04-09 11:02:42,094 INFO Out dated connection ,size=0

2021-04-09 11:02:42,100 INFO Connection check task end

2021-04-09 11:02:45,071 INFO Connection check task start

2021-04-09 11:02:45,076 INFO Total count =0, sdkCount=0,clusterCount=0, currentLimit=-1, toExpelCount=0

2021-04-09 11:02:45,079 INFO Check over limit for ip limit rule, over limit ip count=0

2021-04-09 11:02:45,080 INFO Out dated connection ,size=0

2021-04-09 11:02:45,083 INFO Connection check task end

2021-04-09 11:02:48,084 INFO Connection check task start

2021-04-09 11:02:48,087 INFO Total count =0, sdkCount=0,clusterCount=0, currentLimit=-1, toExpelCount=0

2021-04-09 11:02:48,088 INFO Check over limit for ip limit rule, over limit ip count=0

2021-04-09 11:02:48,090 INFO Out dated connection ,size=0

2021-04-09 11:02:48,092 INFO Connection check task end

2021-04-09 11:02:51,095 INFO Connection check task start

2021-04-09 11:02:51,099 INFO Total count =0, sdkCount=0,clusterCount=0, currentLimit=-1, toExpelCount=0

2021-04-09 11:02:51,103 INFO Check over limit for ip limit rule, over limit ip count=0

2021-04-09 11:02:51,104 INFO Out dated connection ,size=0

2021-04-09 11:02:51,107 INFO Connection check task end

2021-04-09 11:02:54,109 INFO Connection check task start

2021-04-09 11:02:54,113 INFO Total count =0, sdkCount=0,clusterCount=0, currentLimit=-1, toExpelCount=0

2021-04-09 11:02:54,114 INFO Check over limit for ip limit rule, over limit ip count=0

2021-04-09 11:02:54,117 INFO Out dated connection ,size=0

2021-04-09 11:02:54,118 INFO Connection check task end

2021-04-09 11:02:57,122 INFO Connection check task start

2021-04-09 11:02:57,126 INFO Total count =0, sdkCount=0,clusterCount=0, currentLimit=-1, toExpelCount=0

2021-04-09 11:02:57,128 INFO Check over limit for ip limit rule, over limit ip count=0

2021-04-09 11:02:57,129 INFO Out dated connection ,size=0

2021-04-09 11:02:57,132 INFO Connection check task end

2021-04-09 11:03:00,137 INFO Connection check task start

2021-04-09 11:03:00,140 INFO Total count =0, sdkCount=0,clusterCount=0, currentLimit=-1, toExpelCount=0

2021-04-09 11:03:00,141 INFO Check over limit for ip limit rule, over limit ip count=0

2021-04-09 11:03:00,142 INFO Out dated connection ,size=0

2021-04-09 11:03:00,143 INFO Connection check task end

2021-04-09 11:03:03,146 INFO Connection check task start

2021-04-09 11:03:03,150 INFO Total count =0, sdkCount=0,clusterCount=0, currentLimit=-1, toExpelCount=0

2021-04-09 11:03:03,152 INFO Check over limit for ip limit rule, over limit ip count=0

2021-04-09 11:03:03,154 INFO Out dated connection ,size=0

2021-04-09 11:03:03,156 INFO Connection check task end

2021-04-09 11:03:06,158 INFO Connection check task start

2021-04-09 11:03:06,162 INFO Total count =0, sdkCount=0,clusterCount=0, currentLimit=-1, toExpelCount=0

2021-04-09 11:03:06,166 INFO Check over limit for ip limit rule, over limit ip count=0

2021-04-09 11:03:06,169 INFO Out dated connection ,size=0

2021-04-09 11:03:06,170 INFO Connection check task end

2021-04-09 11:03:09,171 INFO Connection check task start

2021-04-09 11:03:09,173 INFO Total count =0, sdkCount=0,clusterCount=0, currentLimit=-1, toExpelCount=0

2021-04-09 11:03:09,175 INFO Check over limit for ip limit rule, over limit ip count=0

2021-04-09 11:03:09,177 INFO Out dated connection ,size=0

2021-04-09 11:03:09,182 INFO Connection check task end

2021-04-09 11:03:12,184 INFO Connection check task start

2021-04-09 11:03:12,188 INFO Total count =0, sdkCount=0,clusterCount=0, currentLimit=-1, toExpelCount=0

2021-04-09 11:03:12,189 INFO Check over limit for ip limit rule, over limit ip count=0

2021-04-09 11:03:12,190 INFO Out dated connection ,size=0

2021-04-09 11:03:12,192 INFO Connection check task end

2021-04-09 11:03:15,162 INFO Connection check task start

2021-04-09 11:03:15,166 INFO Total count =0, sdkCount=0,clusterCount=0, currentLimit=-1, toExpelCount=0

2021-04-09 11:03:15,169 INFO Check over limit for ip limit rule, over limit ip count=0

2021-04-09 11:03:15,170 INFO Out dated connection ,size=0

2021-04-09 11:03:15,172 INFO Connection check task end

2021-04-09 11:03:18,175 INFO Connection check task start

2021-04-09 11:03:18,178 INFO Total count =0, sdkCount=0,clusterCount=0, currentLimit=-1, toExpelCount=0

2021-04-09 11:03:18,180 INFO Check over limit for ip limit rule, over limit ip count=0

2021-04-09 11:03:18,182 INFO Out dated connection ,size=0

2021-04-09 11:03:18,183 INFO Connection check task end

2021-04-09 11:03:21,187 INFO Connection check task start

2021-04-09 11:03:21,191 INFO Total count =0, sdkCount=0,clusterCount=0, currentLimit=-1, toExpelCount=0

2021-04-09 11:03:21,193 INFO Check over limit for ip limit rule, over limit ip count=0

2021-04-09 11:03:21,195 INFO Out dated connection ,size=0

2021-04-09 11:03:21,197 INFO Connection check task end

2021-04-09 11:03:24,199 INFO Connection check task start

2021-04-09 11:03:24,202 INFO Total count =0, sdkCount=0,clusterCount=0, currentLimit=-1, toExpelCount=0

2021-04-09 11:03:24,204 INFO Check over limit for ip limit rule, over limit ip count=0

2021-04-09 11:03:24,205 INFO Out dated connection ,size=0

2021-04-09 11:03:24,206 INFO Connection check task end

2021-04-09 11:03:27,209 INFO Connection check task start

2021-04-09 11:03:27,212 INFO Total count =0, sdkCount=0,clusterCount=0, currentLimit=-1, toExpelCount=0

2021-04-09 11:03:27,217 INFO Check over limit for ip limit rule, over limit ip count=0

2021-04-09 11:03:27,218 INFO Out dated connection ,size=0

2021-04-09 11:03:27,220 INFO Connection check task end

2021-04-09 11:03:30,222 INFO Connection check task start

2021-04-09 11:03:30,229 INFO Total count =0, sdkCount=0,clusterCount=0, currentLimit=-1, toExpelCount=0

2021-04-09 11:03:30,231 INFO Check over limit for ip limit rule, over limit ip count=0

2021-04-09 11:03:30,237 INFO Out dated connection ,size=0

2021-04-09 11:03:30,238 INFO Connection check task end

2021-04-09 11:03:33,243 INFO Connection check task start

2021-04-09 11:03:33,246 INFO Total count =0, sdkCount=0,clusterCount=0, currentLimit=-1, toExpelCount=0

2021-04-09 11:03:33,249 INFO Check over limit for ip limit rule, over limit ip count=0

2021-04-09 11:03:33,250 INFO Out dated connection ,size=0

2021-04-09 11:03:33,252 INFO Connection check task end

2021-04-09 11:03:36,254 INFO Connection check task start

2021-04-09 11:03:36,257 INFO Total count =0, sdkCount=0,clusterCount=0, currentLimit=-1, toExpelCount=0

2021-04-09 11:03:36,258 INFO Check over limit for ip limit rule, over limit ip count=0

2021-04-09 11:03:36,259 INFO Out dated connection ,size=0

2021-04-09 11:03:36,260 INFO Connection check task end

2021-04-09 11:03:39,268 INFO Connection check task start

2021-04-09 11:03:39,271 INFO Total count =0, sdkCount=0,clusterCount=0, currentLimit=-1, toExpelCount=0

2021-04-09 11:03:39,274 INFO Check over limit for ip limit rule, over limit ip count=0

2021-04-09 11:03:39,275 INFO Out dated connection ,size=0

2021-04-09 11:03:39,278 INFO Connection check task end

2021-04-09 11:03:42,280 INFO Connection check task start

2021-04-09 11:03:42,283 INFO Total count =0, sdkCount=0,clusterCount=0, currentLimit=-1, toExpelCount=0

2021-04-09 11:03:42,286 INFO Check over limit for ip limit rule, over limit ip count=0

2021-04-09 11:03:42,289 INFO Out dated connection ,size=0

2021-04-09 11:03:42,290 INFO Connection check task end

2021-04-09 11:03:45,261 INFO Connection check task start

2021-04-09 11:03:45,264 INFO Total count =0, sdkCount=0,clusterCount=0, currentLimit=-1, toExpelCount=0

2021-04-09 11:03:45,267 INFO Check over limit for ip limit rule, over limit ip count=0

2021-04-09 11:03:45,268 INFO Out dated connection ,size=0

2021-04-09 11:03:45,270 INFO Connection check task end

2021-04-09 11:03:48,274 INFO Connection check task start

2021-04-09 11:03:48,278 INFO Total count =0, sdkCount=0,clusterCount=0, currentLimit=-1, toExpelCount=0

2021-04-09 11:03:48,279 INFO Check over limit for ip limit rule, over limit ip count=0

2021-04-09 11:03:48,281 INFO Out dated connection ,size=0

2021-04-09 11:03:48,282 INFO Connection check task end

2021-04-09 11:03:51,284 INFO Connection check task start

2021-04-09 11:03:51,288 INFO Total count =0, sdkCount=0,clusterCount=0, currentLimit=-1, toExpelCount=0

2021-04-09 11:03:51,289 INFO Check over limit for ip limit rule, over limit ip count=0

2021-04-09 11:03:51,291 INFO Out dated connection ,size=0

2021-04-09 11:03:51,294 INFO Connection check task end

2021-04-09 11:03:54,299 INFO Connection check task start

2021-04-09 11:03:54,304 INFO Total count =0, sdkCount=0,clusterCount=0, currentLimit=-1, toExpelCount=0

2021-04-09 11:03:54,305 INFO Check over limit for ip limit rule, over limit ip count=0

2021-04-09 11:03:54,308 INFO Out dated connection ,size=0

2021-04-09 11:03:54,309 INFO Connection check task end

2021-04-09 11:03:57,310 INFO Connection check task start

2021-04-09 11:03:57,314 INFO Total count =0, sdkCount=0,clusterCount=0, currentLimit=-1, toExpelCount=0

2021-04-09 11:03:57,317 INFO Check over limit for ip limit rule, over limit ip count=0

2021-04-09 11:03:57,318 INFO Out dated connection ,size=0

2021-04-09 11:03:57,320 INFO Connection check task end

2021-04-09 11:04:00,322 INFO Connection check task start

2021-04-09 11:04:00,326 INFO Total count =0, sdkCount=0,clusterCount=0, currentLimit=-1, toExpelCount=0

2021-04-09 11:04:00,327 INFO Check over limit for ip limit rule, over limit ip count=0

2021-04-09 11:04:00,328 INFO Out dated connection ,size=0

2021-04-09 11:04:00,330 INFO Connection check task end

2021-04-09 11:04:03,334 INFO Connection check task start

2021-04-09 11:04:03,338 INFO Total count =0, sdkCount=0,clusterCount=0, currentLimit=-1, toExpelCount=0

2021-04-09 11:04:03,340 INFO Check over limit for ip limit rule, over limit ip count=0

2021-04-09 11:04:03,341 INFO Out dated connection ,size=0

2021-04-09 11:04:03,344 INFO Connection check task end

2021-04-09 11:04:06,347 INFO Connection check task start

2021-04-09 11:04:06,350 INFO Total count =0, sdkCount=0,clusterCount=0, currentLimit=-1, toExpelCount=0

2021-04-09 11:04:06,351 INFO Check over limit for ip limit rule, over limit ip count=0

2021-04-09 11:04:06,354 INFO Out dated connection ,size=0

2021-04-09 11:04:06,355 INFO Connection check task end

2021-04-09 11:04:09,357 INFO Connection check task start

2021-04-09 11:04:09,362 INFO Total count =0, sdkCount=0,clusterCount=0, currentLimit=-1, toExpelCount=0

2021-04-09 11:04:09,365 INFO Check over limit for ip limit rule, over limit ip count=0

2021-04-09 11:04:09,366 INFO Out dated connection ,size=0

2021-04-09 11:04:09,368 INFO Connection check task end

2021-04-09 11:04:12,372 INFO Connection check task start

2021-04-09 11:04:12,375 INFO Total count =0, sdkCount=0,clusterCount=0, currentLimit=-1, toExpelCount=0

2021-04-09 11:04:12,377 INFO Check over limit for ip limit rule, over limit ip count=0

2021-04-09 11:04:12,378 INFO Out dated connection ,size=0

2021-04-09 11:04:12,379 INFO Connection check task end

2021-04-09 11:04:15,350 INFO Connection check task start

2021-04-09 11:04:15,352 INFO Total count =0, sdkCount=0,clusterCount=0, currentLimit=-1, toExpelCount=0

2021-04-09 11:04:15,355 INFO Check over limit for ip limit rule, over limit ip count=0

2021-04-09 11:04:15,357 INFO Out dated connection ,size=0

2021-04-09 11:04:15,359 INFO Connection check task end

2021-04-09 11:04:18,361 INFO Connection check task start

2021-04-09 11:04:18,364 INFO Total count =0, sdkCount=0,clusterCount=0, currentLimit=-1, toExpelCount=0

2021-04-09 11:04:18,366 INFO Check over limit for ip limit rule, over limit ip count=0

2021-04-09 11:04:18,377 INFO Out dated connection ,size=0

2021-04-09 11:04:18,380 INFO Connection check task end

2021-04-09 11:04:21,385 INFO Connection check task start

2021-04-09 11:04:21,388 INFO Total count =0, sdkCount=0,clusterCount=0, currentLimit=-1, toExpelCount=0

2021-04-09 11:04:21,389 INFO Check over limit for ip limit rule, over limit ip count=0

2021-04-09 11:04:21,390 INFO Out dated connection ,size=0

2021-04-09 11:04:21,393 INFO Connection check task end

2021-04-09 11:04:24,394 INFO Connection check task start

2021-04-09 11:04:24,398 INFO Total count =0, sdkCount=0,clusterCount=0, currentLimit=-1, toExpelCount=0

2021-04-09 11:04:24,403 INFO Check over limit for ip limit rule, over limit ip count=0

2021-04-09 11:04:24,404 INFO Out dated connection ,size=0

2021-04-09 11:04:24,406 INFO Connection check task end

2021-04-09 11:04:27,411 INFO Connection check task start

2021-04-09 11:04:27,414 INFO Total count =0, sdkCount=0,clusterCount=0, currentLimit=-1, toExpelCount=0

2021-04-09 11:04:27,417 INFO Check over limit for ip limit rule, over limit ip count=0

2021-04-09 11:04:27,418 INFO Out dated connection ,size=0

2021-04-09 11:04:27,421 INFO Connection check task end

2021-04-09 11:04:30,423 INFO Connection check task start

2021-04-09 11:04:30,425 INFO Total count =0, sdkCount=0,clusterCount=0, currentLimit=-1, toExpelCount=0

2021-04-09 11:04:30,426 INFO Check over limit for ip limit rule, over limit ip count=0

2021-04-09 11:04:30,429 INFO Out dated connection ,size=0

2021-04-09 11:04:30,432 INFO Connection check task end

2021-04-09 11:04:33,472 INFO Connection check task start

2021-04-09 11:04:33,475 INFO Total count =0, sdkCount=0,clusterCount=0, currentLimit=-1, toExpelCount=0

2021-04-09 11:04:33,478 INFO Check over limit for ip limit rule, over limit ip count=0

2021-04-09 11:04:33,480 INFO Out dated connection ,size=0

2021-04-09 11:04:33,481 INFO Connection check task end

2021-04-09 11:04:36,482 INFO Connection check task start

2021-04-09 11:04:36,486 INFO Total count =0, sdkCount=0,clusterCount=0, currentLimit=-1, toExpelCount=0

2021-04-09 11:04:36,487 INFO Check over limit for ip limit rule, over limit ip count=0

2021-04-09 11:04:36,488 INFO Out dated connection ,size=0

2021-04-09 11:04:36,488 INFO Connection check task end

2021-04-09 11:04:39,491 INFO Connection check task start

2021-04-09 11:04:39,494 INFO Total count =0, sdkCount=0,clusterCount=0, currentLimit=-1, toExpelCount=0

2021-04-09 11:04:39,495 INFO Check over limit for ip limit rule, over limit ip count=0

2021-04-09 11:04:39,496 INFO Out dated connection ,size=0

2021-04-09 11:04:39,498 INFO Connection check task end

2021-04-09 11:04:42,501 INFO Connection check task start

2021-04-09 11:04:42,504 INFO Total count =0, sdkCount=0,clusterCount=0, currentLimit=-1, toExpelCount=0

2021-04-09 11:04:42,506 INFO Check over limit for ip limit rule, over limit ip count=0

2021-04-09 11:04:42,508 INFO Out dated connection ,size=0

2021-04-09 11:04:42,509 INFO Connection check task end

2021-04-09 11:04:45,477 INFO Connection check task start

2021-04-09 11:04:45,481 INFO Total count =0, sdkCount=0,clusterCount=0, currentLimit=-1, toExpelCount=0

2021-04-09 11:04:45,484 INFO Check over limit for ip limit rule, over limit ip count=0

2021-04-09 11:04:45,484 INFO Out dated connection ,size=0

2021-04-09 11:04:45,486 INFO Connection check task end

2021-04-09 11:04:48,488 INFO Connection check task start

2021-04-09 11:04:48,492 INFO Total count =0, sdkCount=0,clusterCount=0, currentLimit=-1, toExpelCount=0

2021-04-09 11:04:48,493 INFO Check over limit for ip limit rule, over limit ip count=0

2021-04-09 11:04:48,495 INFO Out dated connection ,size=0

2021-04-09 11:04:48,496 INFO Connection check task end

2021-04-09 11:04:51,499 INFO Connection check task start

2021-04-09 11:04:51,504 INFO Total count =0, sdkCount=0,clusterCount=0, currentLimit=-1, toExpelCount=0

2021-04-09 11:04:51,507 INFO Check over limit for ip limit rule, over limit ip count=0

2021-04-09 11:04:51,508 INFO Out dated connection ,size=0

2021-04-09 11:04:51,511 INFO Connection check task end

2021-04-09 11:04:54,513 INFO Connection check task start

2021-04-09 11:04:54,517 INFO Total count =0, sdkCount=0,clusterCount=0, currentLimit=-1, toExpelCount=0

2021-04-09 11:04:54,518 INFO Check over limit for ip limit rule, over limit ip count=0

2021-04-09 11:04:54,522 INFO Out dated connection ,size=0

2021-04-09 11:04:54,524 INFO Connection check task end

2021-04-09 11:04:57,527 INFO Connection check task start

2021-04-09 11:04:57,530 INFO Total count =0, sdkCount=0,clusterCount=0, currentLimit=-1, toExpelCount=0

2021-04-09 11:04:57,533 INFO Check over limit for ip limit rule, over limit ip count=0

2021-04-09 11:04:57,534 INFO Out dated connection ,size=0

2021-04-09 11:04:57,536 INFO Connection check task end

2021-04-09 11:05:00,538 INFO Connection check task start

2021-04-09 11:05:00,542 INFO Total count =0, sdkCount=0,clusterCount=0, currentLimit=-1, toExpelCount=0

2021-04-09 11:05:00,543 INFO Check over limit for ip limit rule, over limit ip count=0

2021-04-09 11:05:00,544 INFO Out dated connection ,size=0

2021-04-09 11:05:00,546 INFO Connection check task end

2021-04-09 11:05:03,550 INFO Connection check task start

2021-04-09 11:05:03,555 INFO Total count =0, sdkCount=0,clusterCount=0, currentLimit=-1, toExpelCount=0

2021-04-09 11:05:03,558 INFO Check over limit for ip limit rule, over limit ip count=0

2021-04-09 11:05:03,560 INFO Out dated connection ,size=0

2021-04-09 11:05:03,562 INFO Connection check task end

2021-04-09 11:05:06,564 INFO Connection check task start

2021-04-09 11:05:06,568 INFO Total count =0, sdkCount=0,clusterCount=0, currentLimit=-1, toExpelCount=0

2021-04-09 11:05:06,569 INFO Check over limit for ip limit rule, over limit ip count=0

2021-04-09 11:05:06,570 INFO Out dated connection ,size=0

2021-04-09 11:05:06,572 INFO Connection check task end

2021-04-09 11:05:09,575 INFO Connection check task start

2021-04-09 11:05:09,578 INFO Total count =0, sdkCount=0,clusterCount=0, currentLimit=-1, toExpelCount=0

2021-04-09 11:05:09,580 INFO Check over limit for ip limit rule, over limit ip count=0

2021-04-09 11:05:09,581 INFO Out dated connection ,size=0

2021-04-09 11:05:09,584 INFO Connection check task end

2021-04-09 11:05:12,585 INFO Connection check task start

2021-04-09 11:05:12,589 INFO Total count =0, sdkCount=0,clusterCount=0, currentLimit=-1, toExpelCount=0

2021-04-09 11:05:12,590 INFO Check over limit for ip limit rule, over limit ip count=0

2021-04-09 11:05:12,592 INFO Out dated connection ,size=0

2021-04-09 11:05:12,595 INFO Connection check task end

2021-04-09 11:05:15,565 INFO Connection check task start

2021-04-09 11:05:15,571 INFO Total count =0, sdkCount=0,clusterCount=0, currentLimit=-1, toExpelCount=0

2021-04-09 11:05:15,574 INFO Check over limit for ip limit rule, over limit ip count=0

2021-04-09 11:05:15,576 INFO Out dated connection ,size=0

2021-04-09 11:05:15,578 INFO Connection check task end

2021-04-09 11:05:18,583 INFO Connection check task start

2021-04-09 11:05:18,587 INFO Total count =0, sdkCount=0,clusterCount=0, currentLimit=-1, toExpelCount=0

2021-04-09 11:05:18,588 INFO Check over limit for ip limit rule, over limit ip count=0

2021-04-09 11:05:18,591 INFO Out dated connection ,size=0

2021-04-09 11:05:18,592 INFO Connection check task end

2021-04-09 11:05:21,593 INFO Connection check task start

2021-04-09 11:05:21,598 INFO Total count =0, sdkCount=0,clusterCount=0, currentLimit=-1, toExpelCount=0

2021-04-09 11:05:21,603 INFO Check over limit for ip limit rule, over limit ip count=0

2021-04-09 11:05:21,604 INFO Out dated connection ,size=0

2021-04-09 11:05:21,607 INFO Connection check task end

2021-04-09 11:05:24,612 INFO Connection check task start

2021-04-09 11:05:24,616 INFO Total count =0, sdkCount=0,clusterCount=0, currentLimit=-1, toExpelCount=0

2021-04-09 11:05:24,617 INFO Check over limit for ip limit rule, over limit ip count=0

2021-04-09 11:05:24,619 INFO Out dated connection ,size=0

2021-04-09 11:05:24,620 INFO Connection check task end

2021-04-09 11:05:27,624 INFO Connection check task start

2021-04-09 11:05:27,628 INFO Total count =0, sdkCount=0,clusterCount=0, currentLimit=-1, toExpelCount=0

2021-04-09 11:05:27,632 INFO Check over limit for ip limit rule, over limit ip count=0

2021-04-09 11:05:27,633 INFO Out dated connection ,size=0

2021-04-09 11:05:27,636 INFO Connection check task end

2021-04-09 11:05:30,648 INFO Connection check task start

2021-04-09 11:05:30,686 INFO Total count =0, sdkCount=0,clusterCount=0, currentLimit=-1, toExpelCount=0

2021-04-09 11:05:30,688 INFO Check over limit for ip limit rule, over limit ip count=0

2021-04-09 11:05:30,691 INFO Out dated connection ,size=0

2021-04-09 11:05:30,693 INFO Connection check task end

2021-04-09 11:05:33,696 INFO Connection check task start

2021-04-09 11:05:33,703 INFO Total count =0, sdkCount=0,clusterCount=0, currentLimit=-1, toExpelCount=0

2021-04-09 11:05:33,705 INFO Check over limit for ip limit rule, over limit ip count=0

2021-04-09 11:05:33,706 INFO Out dated connection ,size=0

2021-04-09 11:05:33,709 INFO Connection check task end

2021-04-09 11:05:36,713 INFO Connection check task start

2021-04-09 11:05:36,716 INFO Total count =0, sdkCount=0,clusterCount=0, currentLimit=-1, toExpelCount=0

2021-04-09 11:05:36,717 INFO Check over limit for ip limit rule, over limit ip count=0

2021-04-09 11:05:36,719 INFO Out dated connection ,size=0

2021-04-09 11:05:36,720 INFO Connection check task end

2021-04-09 11:05:39,724 INFO Connection check task start

2021-04-09 11:05:39,730 INFO Total count =0, sdkCount=0,clusterCount=0, currentLimit=-1, toExpelCount=0

2021-04-09 11:05:39,734 INFO Check over limit for ip limit rule, over limit ip count=0

2021-04-09 11:05:39,735 INFO Out dated connection ,size=0

2021-04-09 11:05:39,737 INFO Connection check task end

2021-04-09 11:05:42,739 INFO Connection check task start

2021-04-09 11:05:42,742 INFO Total count =0, sdkCount=0,clusterCount=0, currentLimit=-1, toExpelCount=0

2021-04-09 11:05:42,744 INFO Check over limit for ip limit rule, over limit ip count=0

2021-04-09 11:05:42,746 INFO Out dated connection ,size=0

2021-04-09 11:05:42,747 INFO Connection check task end

2021-04-09 11:05:45,717 INFO Connection check task start

2021-04-09 11:05:45,719 INFO Total count =0, sdkCount=0,clusterCount=0, currentLimit=-1, toExpelCount=0

2021-04-09 11:05:45,721 INFO Check over limit for ip limit rule, over limit ip count=0

2021-04-09 11:05:45,722 INFO Out dated connection ,size=0

2021-04-09 11:05:45,724 INFO Connection check task end

2021-04-09 11:05:48,726 INFO Connection check task start

2021-04-09 11:05:48,729 INFO Total count =0, sdkCount=0,clusterCount=0, currentLimit=-1, toExpelCount=0

2021-04-09 11:05:48,731 INFO Check over limit for ip limit rule, over limit ip count=0

2021-04-09 11:05:48,732 INFO Out dated connection ,size=0

2021-04-09 11:05:48,733 INFO Connection check task end

2021-04-09 11:05:51,737 INFO Connection check task start

2021-04-09 11:05:51,741 INFO Total count =0, sdkCount=0,clusterCount=0, currentLimit=-1, toExpelCount=0

2021-04-09 11:05:51,743 INFO Check over limit for ip limit rule, over limit ip count=0

2021-04-09 11:05:51,744 INFO Out dated connection ,size=0

2021-04-09 11:05:51,746 INFO Connection check task end

2021-04-09 11:05:54,749 INFO Connection check task start

2021-04-09 11:05:54,753 INFO Total count =0, sdkCount=0,clusterCount=0, currentLimit=-1, toExpelCount=0

2021-04-09 11:05:54,754 INFO Check over limit for ip limit rule, over limit ip count=0

2021-04-09 11:05:54,756 INFO Out dated connection ,size=0

2021-04-09 11:05:54,757 INFO Connection check task end

2021-04-09 11:05:57,761 INFO Connection check task start

2021-04-09 11:05:57,764 INFO Total count =0, sdkCount=0,clusterCount=0, currentLimit=-1, toExpelCount=0

2021-04-09 11:05:57,766 INFO Check over limit for ip limit rule, over limit ip count=0

2021-04-09 11:05:57,767 INFO Out dated connection ,size=0

2021-04-09 11:05:57,769 INFO Connection check task end

2021-04-09 11:06:00,774 INFO Connection check task start

2021-04-09 11:06:00,777 INFO Total count =0, sdkCount=0,clusterCount=0, currentLimit=-1, toExpelCount=0

2021-04-09 11:06:00,779 INFO Check over limit for ip limit rule, over limit ip count=0

2021-04-09 11:06:00,780 INFO Out dated connection ,size=0

2021-04-09 11:06:00,781 INFO Connection check task end

2021-04-09 11:06:03,787 INFO Connection check task start

2021-04-09 11:06:03,791 INFO Total count =0, sdkCount=0,clusterCount=0, currentLimit=-1, toExpelCount=0

2021-04-09 11:06:03,794 INFO Check over limit for ip limit rule, over limit ip count=0

2021-04-09 11:06:03,795 INFO Out dated connection ,size=0

2021-04-09 11:06:03,802 INFO Connection check task end

2021-04-09 11:06:06,803 INFO Connection check task start

2021-04-09 11:06:06,807 INFO Total count =0, sdkCount=0,clusterCount=0, currentLimit=-1, toExpelCount=0

2021-04-09 11:06:06,808 INFO Check over limit for ip limit rule, over limit ip count=0

2021-04-09 11:06:06,812 INFO Out dated connection ,size=0

2021-04-09 11:06:06,813 INFO Connection check task end

2021-04-09 11:06:09,815 INFO Connection check task start

2021-04-09 11:06:09,819 INFO Total count =0, sdkCount=0,clusterCount=0, currentLimit=-1, toExpelCount=0

2021-04-09 11:06:09,822 INFO Check over limit for ip limit rule, over limit ip count=0

2021-04-09 11:06:09,823 INFO Out dated connection ,size=0

2021-04-09 11:06:09,826 INFO Connection check task end

2021-04-09 11:06:12,793 INFO Connection check task start

2021-04-09 11:06:12,797 INFO Total count =0, sdkCount=0,clusterCount=0, currentLimit=-1, toExpelCount=0

2021-04-09 11:06:12,798 INFO Check over limit for ip limit rule, over limit ip count=0

2021-04-09 11:06:12,799 INFO Out dated connection ,size=0

2021-04-09 11:06:12,800 INFO Connection check task end

2021-04-09 11:06:15,805 INFO Connection check task start

2021-04-09 11:06:15,809 INFO Total count =0, sdkCount=0,clusterCount=0, currentLimit=-1, toExpelCount=0

2021-04-09 11:06:15,811 INFO Check over limit for ip limit rule, over limit ip count=0

2021-04-09 11:06:15,813 INFO Out dated connection ,size=0

2021-04-09 11:06:15,815 INFO Connection check task end

