
         ,--.
       ,--.'|
   ,--,:  : |                                           Nacos 1.4.0
,`--.'`|  ' :                       ,---.               Running in stand alone mode, All function modules
|   :  :  | |                      '   ,'\   .--.--.    Port: 8848
:   |   \ | :  ,--.--.     ,---.  /   /   | /  /    '   Pid: 23
|   : '  '; | /       \   /     \.   ; ,. :|  :  /`./   Console: http://0f1699fa2881:8848/nacos/index.html
'   ' ;.    ;.--.  .-. | /    / ''   | |: :|  :  ;_
|   | | \   | \__\/: . ..    ' / '   | .; : \  \    `.      https://nacos.io
'   : |  ; .' ," .--.; |'   ; :__|   :    |  `----.   \
|   | '`--'  /  /  ,.  |'   | '.'|\   \  /  /  /`--'  /
'   : |     ;  :   .'   \   :    : `----'  '--'.     /
;   |.'     |  ,     .-./\   \  /            `--'---'
'---'        `--`---'     `----'

2021-04-09 11:28:50,349 INFO Bean 'org.springframework.security.access.expression.method.DefaultMethodSecurityExpressionHandler@11f0a5a1' of type [org.springframework.security.access.expression.method.DefaultMethodSecurityExpressionHandler] is not eligible for getting processed by all BeanPostProcessors (for example: not eligible for auto-proxying)

2021-04-09 11:28:50,369 INFO Bean 'methodSecurityMetadataSource' of type [org.springframework.security.access.method.DelegatingMethodSecurityMetadataSource] is not eligible for getting processed by all BeanPostProcessors (for example: not eligible for auto-proxying)

2021-04-09 11:28:51,068 INFO Tomcat initialized with port(s): 8848 (http)

2021-04-09 11:28:51,868 INFO Root WebApplicationContext: initialization completed in 8728 ms

2021-04-09 11:29:01,536 INFO Initializing ExecutorService 'applicationTaskExecutor'

2021-04-09 11:29:01,768 INFO Adding welcome page: class path resource [static/index.html]

2021-04-09 11:29:02,575 INFO Creating filter chain: Ant [pattern='/**'], []

2021-04-09 11:29:02,656 INFO Creating filter chain: any request, [org.springframework.security.web.context.request.async.WebAsyncManagerIntegrationFilter@50d68830, org.springframework.security.web.context.SecurityContextPersistenceFilter@42deb43a, org.springframework.security.web.header.HeaderWriterFilter@5a2f016d, org.springframework.security.web.csrf.CsrfFilter@6b85300e, org.springframework.security.web.authentication.logout.LogoutFilter@79f227a9, org.springframework.security.web.savedrequest.RequestCacheAwareFilter@3bb9efbc, org.springframework.security.web.servletapi.SecurityContextHolderAwareRequestFilter@6f6a7463, org.springframework.security.web.authentication.AnonymousAuthenticationFilter@1e53135d, org.springframework.security.web.session.SessionManagementFilter@3ad394e6, org.springframework.security.web.access.ExceptionTranslationFilter@5cbf9e9f]

2021-04-09 11:29:02,900 INFO Initializing ExecutorService 'taskScheduler'

2021-04-09 11:29:02,944 INFO Exposing 16 endpoint(s) beneath base path '/actuator'

2021-04-09 11:29:03,127 INFO Tomcat started on port(s): 8848 (http) with context path '/nacos'

2021-04-09 11:29:03,150 INFO Nacos Log files: /home/nacos/logs

2021-04-09 11:29:03,153 INFO Nacos Log files: /home/nacos/conf

2021-04-09 11:29:03,157 INFO Nacos Log files: /home/nacos/data

2021-04-09 11:29:03,159 INFO Nacos started successfully in stand alone mode. use embedded storage

2021-04-09 11:29:15,817 INFO Initializing Servlet 'dispatcherServlet'

2021-04-09 11:29:15,845 INFO Completed initialization in 25 ms

