2021-04-09 10:44:05,044 INFO Register tps control,pointName=CONFIG_PUSH_COUNT, point=com.alibaba.nacos.core.remote.control.TpsMonitorPoint@5e1218b4 

2021-04-09 10:44:05,046 INFO Load rule from local,pointName=CONFIG_PUSH_COUNT, ruleContent= 

2021-04-09 10:44:05,049 INFO Apply tps control rule parse start,pointName=[CONFIG_PUSH_COUNT]  

2021-04-09 10:44:05,051 INFO Clear point  control rule ,pointName=[CONFIG_PUSH_COUNT]  

2021-04-09 10:44:05,054 INFO Clear point  control rule for monitorKeys, pointName=[CONFIG_PUSH_COUNT]  

2021-04-09 10:44:05,055 INFO Register tps control,pointName=CONFIG_PUSH_SUCCESS, point=com.alibaba.nacos.core.remote.control.TpsMonitorPoint@12958360 

2021-04-09 10:44:05,057 INFO Load rule from local,pointName=CONFIG_PUSH_SUCCESS, ruleContent= 

2021-04-09 10:44:05,061 INFO Apply tps control rule parse start,pointName=[CONFIG_PUSH_SUCCESS]  

2021-04-09 10:44:05,065 INFO Clear point  control rule ,pointName=[CONFIG_PUSH_SUCCESS]  

2021-04-09 10:44:05,066 INFO Clear point  control rule for monitorKeys, pointName=[CONFIG_PUSH_SUCCESS]  

2021-04-09 10:44:05,068 INFO Register tps control,pointName=CONFIG_PUSH_FAIL, point=com.alibaba.nacos.core.remote.control.TpsMonitorPoint@c6e0f32 

2021-04-09 10:44:05,070 INFO Load rule from local,pointName=CONFIG_PUSH_FAIL, ruleContent= 

2021-04-09 10:44:05,072 INFO Apply tps control rule parse start,pointName=[CONFIG_PUSH_FAIL]  

2021-04-09 10:44:05,073 INFO Clear point  control rule ,pointName=[CONFIG_PUSH_FAIL]  

2021-04-09 10:44:05,075 INFO Clear point  control rule for monitorKeys, pointName=[CONFIG_PUSH_FAIL]  

2021-04-09 10:44:05,076 INFO Load rule from local,pointName=CONFIG_PUSH_COUNT, ruleContent= 

2021-04-09 10:44:05,087 INFO Apply tps control rule parse start,pointName=[CONFIG_PUSH_COUNT]  

2021-04-09 10:44:05,088 INFO Clear point  control rule ,pointName=[CONFIG_PUSH_COUNT]  

2021-04-09 10:44:05,089 INFO Clear point  control rule for monitorKeys, pointName=[CONFIG_PUSH_COUNT]  

2021-04-09 10:44:05,090 INFO Load rule from local,pointName=CONFIG_PUSH_SUCCESS, ruleContent= 

2021-04-09 10:44:05,091 INFO Apply tps control rule parse start,pointName=[CONFIG_PUSH_SUCCESS]  

2021-04-09 10:44:05,092 INFO Clear point  control rule ,pointName=[CONFIG_PUSH_SUCCESS]  

2021-04-09 10:44:05,093 INFO Clear point  control rule for monitorKeys, pointName=[CONFIG_PUSH_SUCCESS]  

2021-04-09 10:44:05,095 INFO Load rule from local,pointName=CONFIG_PUSH_FAIL, ruleContent= 

2021-04-09 10:44:05,098 INFO Apply tps control rule parse start,pointName=[CONFIG_PUSH_FAIL]  

2021-04-09 10:44:05,099 INFO Clear point  control rule ,pointName=[CONFIG_PUSH_FAIL]  

2021-04-09 10:44:05,100 INFO Clear point  control rule for monitorKeys, pointName=[CONFIG_PUSH_FAIL]  

2021-04-09 10:56:24,888 INFO Register tps control,pointName=CONFIG_PUSH_COUNT, point=com.alibaba.nacos.core.remote.control.TpsMonitorPoint@64bfd6fd 

2021-04-09 10:56:24,892 INFO Load rule from local,pointName=CONFIG_PUSH_COUNT, ruleContent= 

2021-04-09 10:56:24,894 INFO Apply tps control rule parse start,pointName=[CONFIG_PUSH_COUNT]  

2021-04-09 10:56:24,895 INFO Clear point  control rule ,pointName=[CONFIG_PUSH_COUNT]  

2021-04-09 10:56:24,897 INFO Clear point  control rule for monitorKeys, pointName=[CONFIG_PUSH_COUNT]  

2021-04-09 10:56:24,898 INFO Register tps control,pointName=CONFIG_PUSH_SUCCESS, point=com.alibaba.nacos.core.remote.control.TpsMonitorPoint@2ab2710 

2021-04-09 10:56:24,900 INFO Load rule from local,pointName=CONFIG_PUSH_SUCCESS, ruleContent= 

2021-04-09 10:56:24,901 INFO Apply tps control rule parse start,pointName=[CONFIG_PUSH_SUCCESS]  

2021-04-09 10:56:24,903 INFO Clear point  control rule ,pointName=[CONFIG_PUSH_SUCCESS]  

2021-04-09 10:56:24,904 INFO Clear point  control rule for monitorKeys, pointName=[CONFIG_PUSH_SUCCESS]  

2021-04-09 10:56:24,906 INFO Register tps control,pointName=CONFIG_PUSH_FAIL, point=com.alibaba.nacos.core.remote.control.TpsMonitorPoint@253b380a 

2021-04-09 10:56:24,910 INFO Load rule from local,pointName=CONFIG_PUSH_FAIL, ruleContent= 

2021-04-09 10:56:24,911 INFO Apply tps control rule parse start,pointName=[CONFIG_PUSH_FAIL]  

2021-04-09 10:56:24,916 INFO Clear point  control rule ,pointName=[CONFIG_PUSH_FAIL]  

2021-04-09 10:56:24,917 INFO Clear point  control rule for monitorKeys, pointName=[CONFIG_PUSH_FAIL]  

2021-04-09 10:56:31,932 INFO Register tps control,pointName=ConfigQuery, point=com.alibaba.nacos.core.remote.control.TpsMonitorPoint@55d9b8f0 

2021-04-09 10:56:31,944 INFO Load rule from local,pointName=ConfigQuery, ruleContent= 

2021-04-09 10:56:31,945 INFO Apply tps control rule parse start,pointName=[ConfigQuery]  

2021-04-09 10:56:31,946 INFO Clear point  control rule ,pointName=[ConfigQuery]  

2021-04-09 10:56:31,948 INFO Clear point  control rule for monitorKeys, pointName=[ConfigQuery]  

2021-04-09 10:56:31,949 INFO Register tps control,pointName=ClusterConfigChangeNotify, point=com.alibaba.nacos.core.remote.control.TpsMonitorPoint@a518813 

2021-04-09 10:56:31,951 INFO Load rule from local,pointName=ClusterConfigChangeNotify, ruleContent= 

2021-04-09 10:56:31,952 INFO Apply tps control rule parse start,pointName=[ClusterConfigChangeNotify]  

2021-04-09 10:56:31,953 INFO Clear point  control rule ,pointName=[ClusterConfigChangeNotify]  

2021-04-09 10:56:31,955 INFO Clear point  control rule for monitorKeys, pointName=[ClusterConfigChangeNotify]  

2021-04-09 10:56:31,956 INFO Register tps control,pointName=ConfigListen, point=com.alibaba.nacos.core.remote.control.TpsMonitorPoint@43d38654 

2021-04-09 10:56:31,957 INFO Load rule from local,pointName=ConfigListen, ruleContent= 

2021-04-09 10:56:31,959 INFO Apply tps control rule parse start,pointName=[ConfigListen]  

2021-04-09 10:56:31,960 INFO Clear point  control rule ,pointName=[ConfigListen]  

2021-04-09 10:56:31,961 INFO Clear point  control rule for monitorKeys, pointName=[ConfigListen]  

2021-04-09 10:56:31,963 INFO Load rule from local,pointName=ConfigQuery, ruleContent= 

2021-04-09 10:56:31,963 INFO Register tps control,pointName=ConfigRemove, point=com.alibaba.nacos.core.remote.control.TpsMonitorPoint@6d303498 

2021-04-09 10:56:31,969 INFO Apply tps control rule parse start,pointName=[ConfigQuery]  

2021-04-09 10:56:31,971 INFO Clear point  control rule ,pointName=[ConfigQuery]  

2021-04-09 10:56:31,972 INFO Clear point  control rule for monitorKeys, pointName=[ConfigQuery]  

2021-04-09 10:56:31,973 INFO Load rule from local,pointName=ConfigRemove, ruleContent= 

2021-04-09 10:56:31,975 INFO Apply tps control rule parse start,pointName=[ConfigRemove]  

2021-04-09 10:56:31,976 INFO Clear point  control rule ,pointName=[ConfigRemove]  

2021-04-09 10:56:31,977 INFO Clear point  control rule for monitorKeys, pointName=[ConfigRemove]  

2021-04-09 10:56:31,979 INFO Load rule from local,pointName=ClusterConfigChangeNotify, ruleContent= 

2021-04-09 10:56:31,980 INFO Apply tps control rule parse start,pointName=[ClusterConfigChangeNotify]  

2021-04-09 10:56:31,979 INFO Register tps control,pointName=ConfigPublish, point=com.alibaba.nacos.core.remote.control.TpsMonitorPoint@6ba7383d 

2021-04-09 10:56:31,980 INFO Clear point  control rule ,pointName=[ClusterConfigChangeNotify]  

2021-04-09 10:56:31,982 INFO Clear point  control rule for monitorKeys, pointName=[ClusterConfigChangeNotify]  

2021-04-09 10:56:31,984 INFO Load rule from local,pointName=ConfigListen, ruleContent= 

2021-04-09 10:56:31,984 INFO Apply tps control rule parse start,pointName=[ConfigListen]  

2021-04-09 10:56:31,985 INFO Clear point  control rule ,pointName=[ConfigListen]  

2021-04-09 10:56:31,986 INFO Clear point  control rule for monitorKeys, pointName=[ConfigListen]  

2021-04-09 10:56:31,987 INFO Load rule from local,pointName=ConfigPublish, ruleContent= 

2021-04-09 10:56:31,988 INFO Apply tps control rule parse start,pointName=[ConfigPublish]  

2021-04-09 10:56:31,989 INFO Clear point  control rule ,pointName=[ConfigPublish]  

2021-04-09 10:56:31,991 INFO Clear point  control rule for monitorKeys, pointName=[ConfigPublish]  

2021-04-09 10:56:31,992 INFO Load rule from local,pointName=ConfigRemove, ruleContent= 

2021-04-09 10:56:31,992 INFO Register tps control,pointName=HealthCheck, point=com.alibaba.nacos.core.remote.control.TpsMonitorPoint@3419e23b 

2021-04-09 10:56:31,993 INFO Apply tps control rule parse start,pointName=[ConfigRemove]  

2021-04-09 10:56:31,994 INFO Clear point  control rule ,pointName=[ConfigRemove]  

2021-04-09 10:56:31,995 INFO Clear point  control rule for monitorKeys, pointName=[ConfigRemove]  

2021-04-09 10:56:31,996 INFO Load rule from local,pointName=ConfigPublish, ruleContent= 

2021-04-09 10:56:31,997 INFO Apply tps control rule parse start,pointName=[ConfigPublish]  

2021-04-09 10:56:31,999 INFO Clear point  control rule ,pointName=[ConfigPublish]  

2021-04-09 10:56:32,000 INFO Clear point  control rule for monitorKeys, pointName=[ConfigPublish]  

2021-04-09 10:56:32,001 INFO Load rule from local,pointName=HealthCheck, ruleContent= 

2021-04-09 10:56:32,002 INFO Apply tps control rule parse start,pointName=[HealthCheck]  

2021-04-09 10:56:32,003 INFO Clear point  control rule ,pointName=[HealthCheck]  

2021-04-09 10:56:32,004 INFO Clear point  control rule for monitorKeys, pointName=[HealthCheck]  

